44214.61562 6.48357 8.15747
44993.45298 29.34283 19.19855
45851.40631 39.03532 4.52286
46086.96681 39.62075 5.27240
48560.55780 41.75417 3.77982
48773.71401 42.96318 2.77603
49143.77505 37.08891 2.79307
51870.83925 -9.48542 3.78638
52284.71018 -16.38107 7.17114
54919.76589 19.38132 8.33540
54941.30349 19.53245 8.08521
54970.67822 19.27522 6.64063
54999.31317 19.96663 7.85500
55135.97098 22.56829 7.84124
55159.94602 22.62035 7.80632
55208.61678 24.64598 8.42553
55245.62567 25.17165 8.45743
55389.66308 27.69209 8.04787
56712.00516 59.55365 8.53628
57100.74409 72.07506 8.58568
57748.32002 87.21293 9.71115
57811.33770 89.67857 9.10164
57811.33770 94.86589 9.63858
58561.25098 97.90181 9.04525
58884.35291 101.80118 9.54677
