300 30000.00 -92.71232
301 30100.00 -90.03220
302 30200.00 -87.34836
303 30300.00 -84.66586
304 30400.00 -81.98953
305 30500.00 -79.32395
306 30600.00 -76.67347
307 30700.00 -74.04222
308 30800.00 -71.43409
309 30900.00 -68.85280
310 31000.00 -66.30184
311 31100.00 -63.78452
312 31200.00 -61.30400
313 31300.00 -58.86323
314 31400.00 -56.46503
315 31500.00 -54.11206
316 31600.00 -51.80684
317 31700.00 -49.55175
318 31800.00 -47.34905
319 31900.00 -45.20089
320 32000.00 -43.10929
321 32100.00 -41.07618
322 32200.00 -39.10337
323 32300.00 -37.19259
324 32400.00 -35.34549
325 32500.00 -33.56362
326 32600.00 -31.84845
327 32700.00 -30.20138
328 32800.00 -28.62374
329 32900.00 -27.11679
330 33000.00 -25.68173
331 33100.00 -24.31968
332 33200.00 -23.03172
333 33300.00 -21.81885
334 33400.00 -20.68205
335 33500.00 -19.62219
336 33600.00 -18.64014
337 33700.00 -17.73669
338 33800.00 -16.91257
339 33900.00 -16.16848
340 34000.00 -15.50506
341 34100.00 -14.92287
342 34200.00 -14.42247
343 34300.00 -14.00431
344 34400.00 -13.66881
345 34500.00 -13.41634
346 34600.00 -13.24718
347 34700.00 -13.16158
348 34800.00 -13.15969
349 34900.00 -13.24161
350 35000.00 -13.40735
351 35100.00 -13.65687
352 35200.00 -13.99000
353 35300.00 -14.40651
354 35400.00 -14.90607
355 35500.00 -15.48823
356 35600.00 -16.15244
357 35700.00 -16.89803
358 35800.00 -17.72418
359 35900.00 -18.62995
360 36000.00 -19.61423
361 36100.00 -20.67576
362 36200.00 -21.81310
363 36300.00 -23.02462
364 36400.00 -24.30847
365 36500.00 -25.66260
366 36600.00 -27.08471
367 36700.00 -28.57224
368 36800.00 -30.12238
369 36900.00 -31.73200
370 37000.00 -33.39769
371 37100.00 -35.11569
372 37200.00 -36.88189
373 37300.00 -38.69184
374 37400.00 -40.54067
375 37500.00 -42.42315
376 37600.00 -44.33361
377 37700.00 -46.26594
378 37800.00 -48.21364
379 37900.00 -50.16973
380 38000.00 -52.12680
381 38100.00 -54.07704
382 38200.00 -56.01219
383 38300.00 -57.92360
384 38400.00 -59.80228
385 38500.00 -61.63890
386 38600.00 -63.42387
387 38700.00 -65.14742
388 38800.00 -66.79963
389 38900.00 -68.37054
390 39000.00 -69.85028
391 39100.00 -71.22913
392 39200.00 -72.49763
393 39300.00 -73.64675
394 39400.00 -74.66797
395 39500.00 -75.55340
396 39600.00 -76.29589
397 39700.00 -76.88917
398 39800.00 -77.32786
399 39900.00 -77.60765
400 40000.00 -77.72527
401 40100.00 -77.67856
402 40200.00 -77.46647
403 40300.00 -77.08907
404 40400.00 -76.54752
405 40500.00 -75.84400
406 40600.00 -74.98166
407 40700.00 -73.96457
408 40800.00 -72.79757
409 40900.00 -71.48624
410 41000.00 -70.03675
411 41100.00 -68.45579
412 41200.00 -66.75047
413 41300.00 -64.92821
414 41400.00 -62.99664
415 41500.00 -60.96357
416 41600.00 -58.83686
417 41700.00 -56.62438
418 41800.00 -54.33393
419 41900.00 -51.97323
420 42000.00 -49.54984
421 42100.00 -47.07115
422 42200.00 -44.54433
423 42300.00 -41.97632
424 42400.00 -39.37384
425 42500.00 -36.74331
426 42600.00 -34.09094
427 42700.00 -31.42264
428 42800.00 -28.74406
429 42900.00 -26.06059
430 43000.00 -23.37737
431 43100.00 -20.69927
432 43200.00 -18.03094
433 43300.00 -15.37677
434 43400.00 -12.74093
435 43500.00 -10.12738
436 43600.00 -7.53986
437 43700.00 -4.98191
438 43800.00 -2.45690
439 43900.00 0.03201
440 44000.00 2.48180
441 44100.00 4.88962
442 44200.00 7.25280
443 44300.00 9.56876
444 44400.00 11.83511
445 44500.00 14.04955
446 44600.00 16.20992
447 44700.00 18.31417
448 44800.00 20.36035
449 44900.00 22.34662
450 45000.00 24.27123
451 45100.00 26.13251
452 45200.00 27.92891
453 45300.00 29.65892
454 45400.00 31.32113
455 45500.00 32.91420
456 45600.00 34.43685
457 45700.00 35.88787
458 45800.00 37.26613
459 45900.00 38.57052
460 46000.00 39.80004
461 46100.00 40.95371
462 46200.00 42.03062
463 46300.00 43.02991
464 46400.00 43.95077
465 46500.00 44.79245
466 46600.00 45.55425
467 46700.00 46.23553
468 46800.00 46.83569
469 46900.00 47.35418
470 47000.00 47.79052
471 47100.00 48.14429
472 47200.00 48.41511
473 47300.00 48.60267
474 47400.00 48.70673
475 47500.00 48.72710
476 47600.00 48.66368
477 47700.00 48.51642
478 47800.00 48.28538
479 47900.00 47.97068
480 48000.00 47.57254
481 48100.00 47.09127
482 48200.00 46.52729
483 48300.00 45.88113
484 48400.00 45.15344
485 48500.00 44.34499
486 48600.00 43.45670
487 48700.00 42.48964
488 48800.00 41.44503
489 48900.00 40.32428
490 49000.00 39.12898
491 49100.00 37.86092
492 49200.00 36.52211
493 49300.00 35.11479
494 49400.00 33.64146
495 49500.00 32.10487
496 49600.00 30.50809
497 49700.00 28.85447
498 49800.00 27.14767
499 49900.00 25.39173
500 50000.00 23.59103
501 50100.00 21.75034
502 50200.00 19.87481
503 50300.00 17.97002
504 50400.00 16.04197
505 50500.00 14.09708
506 50600.00 12.14222
507 50700.00 10.18470
508 50800.00 8.23226
509 50900.00 6.29306
510 51000.00 4.37565
511 51100.00 2.48896
512 51200.00 0.64224
513 51300.00 -1.15497
514 51400.00 -2.89292
515 51500.00 -4.56172
516 51600.00 -6.15143
517 51700.00 -7.65213
518 51800.00 -9.05406
519 51900.00 -10.34770
520 52000.00 -11.52392
521 52100.00 -12.57406
522 52200.00 -13.49009
523 52300.00 -14.26469
524 52400.00 -14.89138
525 52500.00 -15.36460
526 52600.00 -15.67977
527 52700.00 -15.83339
528 52800.00 -15.82306
529 52900.00 -15.64750
530 53000.00 -15.30651
531 53100.00 -14.80103
532 53200.00 -14.13300
533 53300.00 -13.30539
534 53400.00 -12.32205
535 53500.00 -11.18768
536 53600.00 -9.90768
537 53700.00 -8.48811
538 53800.00 -6.93557
539 53900.00 -5.25706
540 54000.00 -3.45994
541 54100.00 -1.55183
542 54200.00 0.45952
543 54300.00 2.56624
544 54400.00 4.76048
545 54500.00 7.03439
546 54600.00 9.38025
547 54700.00 11.79044
548 54800.00 14.25756
549 54900.00 16.77437
550 55000.00 19.33387
551 55100.00 21.92931
552 55200.00 24.55419
553 55300.00 27.20226
554 55400.00 29.86754
555 55500.00 32.54433
556 55600.00 35.22717
557 55700.00 37.91087
558 55800.00 40.59051
559 55900.00 43.26138
560 56000.00 45.91904
561 56100.00 48.55927
562 56200.00 51.17807
563 56300.00 53.77165
564 56400.00 56.33642
565 56500.00 58.86897
566 56600.00 61.36611
567 56700.00 63.82478
568 56800.00 66.24210
569 56900.00 68.61535
570 57000.00 70.94194
571 57100.00 73.21944
572 57200.00 75.44553
573 57300.00 77.61801
574 57400.00 79.73481
575 57500.00 81.79396
576 57600.00 83.79360
577 57700.00 85.73196
578 57800.00 87.60736
579 57900.00 89.41820
580 58000.00 91.16299
581 58100.00 92.84028
582 58200.00 94.44871
583 58300.00 95.98701
584 58400.00 97.45393
585 58500.00 98.84834
586 58600.00 100.16912
587 58700.00 101.41525
588 58800.00 102.58573
589 58900.00 103.67965
590 59000.00 104.69614
591 59100.00 105.63437
592 59200.00 106.49358
593 59300.00 107.27307
594 59400.00 107.97217
595 59500.00 108.59027
596 59600.00 109.12682
597 59700.00 109.58133
598 59800.00 109.95335
599 59900.00 110.24250
600 60000.00 110.44846
601 60100.00 110.57096
602 60200.00 110.60981
603 60300.00 110.56488
604 60400.00 110.43612
605 60500.00 110.22356
606 60600.00 109.92730
607 60700.00 109.54755
608 60800.00 109.08459
609 60900.00 108.53882
610 61000.00 107.91074
611 61100.00 107.20097
612 61200.00 106.41026
613 61300.00 105.53951
614 61400.00 104.58972
615 61500.00 103.56211
616 61600.00 102.45803
617 61700.00 101.27904
618 61800.00 100.02686
619 61900.00 98.70348
620 62000.00 97.31107
621 62100.00 95.85208
622 62200.00 94.32920
623 62300.00 92.74542
624 62400.00 91.10403
625 62500.00 89.40864
626 62600.00 87.66318
627 62700.00 85.87196
628 62800.00 84.03966
629 62900.00 82.17135
630 63000.00 80.27252
631 63100.00 78.34906
632 63200.00 76.40731
633 63300.00 74.45404
634 63400.00 72.49646
635 63500.00 70.54221
636 63600.00 68.59936
637 63700.00 66.67639
638 63800.00 64.78213
639 63900.00 62.92579
640 64000.00 61.11682
641 64100.00 59.36495
642 64200.00 57.68004
643 64300.00 56.07202
644 64400.00 54.55084
645 64500.00 53.12629
646 64600.00 51.80795
647 64700.00 50.60506
648 64800.00 49.52639
649 64900.00 48.58011
650 65000.00 47.77371
651 65100.00 47.11388
652 65200.00 46.60637
653 65300.00 46.25599
654 65400.00 46.06647
655 65500.00 46.04048
656 65600.00 46.17953
657 65700.00 46.48406
658 65800.00 46.95338
659 65900.00 47.58576
660 66000.00 48.37846
661 66100.00 49.32782
662 66200.00 50.42931
663 66300.00 51.67768
664 66400.00 53.06700
665 66500.00 54.59079
666 66600.00 56.24213
667 66700.00 58.01372
668 66800.00 59.89801
669 66900.00 61.88725
670 67000.00 63.97361
671 67100.00 66.14921
672 67200.00 68.40621
673 67300.00 70.73685
674 67400.00 73.13350
675 67500.00 75.58868
676 67600.00 78.09514
677 67700.00 80.64581
678 67800.00 83.23389
679 67900.00 85.85282
680 68000.00 88.49630
681 68100.00 91.15828
682 68200.00 93.83301
683 68300.00 96.51497
684 68400.00 99.19892
685 68500.00 101.87986
686 68600.00 104.55306
687 68700.00 107.21400
688 68800.00 109.85843
689 68900.00 112.48229
690 69000.00 115.08175
691 69100.00 117.65317
692 69200.00 120.19312
693 69300.00 122.69834
694 69400.00 125.16575
695 69500.00 127.59243
696 69600.00 129.97563
697 69700.00 132.31274
698 69800.00 134.60127
699 69900.00 136.83889
