300 30000.00 -7.44653
301 30100.00 -10.93153
302 30200.00 -14.37414
303 30300.00 -17.76101
304 30400.00 -21.07900
305 30500.00 -24.31526
306 30600.00 -27.45722
307 30700.00 -30.49272
308 30800.00 -33.40996
309 30900.00 -36.19765
310 31000.00 -38.84498
311 31100.00 -41.34167
312 31200.00 -43.67805
313 31300.00 -45.84505
314 31400.00 -47.83428
315 31500.00 -49.63801
316 31600.00 -51.24926
317 31700.00 -52.66177
318 31800.00 -53.87008
319 31900.00 -54.86948
320 32000.00 -55.65611
321 32100.00 -56.22693
322 32200.00 -56.57970
323 32300.00 -56.71307
324 32400.00 -56.62652
325 32500.00 -56.32038
326 32600.00 -55.79585
327 32700.00 -55.05495
328 32800.00 -54.10055
329 32900.00 -52.93637
330 33000.00 -51.56691
331 33100.00 -49.99749
332 33200.00 -48.23418
333 33300.00 -46.28384
334 33400.00 -44.15401
335 33500.00 -41.85297
336 33600.00 -39.38962
337 33700.00 -36.77354
338 33800.00 -34.01485
339 33900.00 -31.12426
340 34000.00 -28.11298
341 34100.00 -24.99268
342 34200.00 -21.77546
343 34300.00 -18.47381
344 34400.00 -15.10051
345 34500.00 -11.66866
346 34600.00 -8.19156
347 34700.00 -4.68270
348 34800.00 -1.15567
349 34900.00 2.37583
350 35000.00 5.89812
351 35100.00 9.39754
352 35200.00 12.86052
353 35300.00 16.27363
354 35400.00 19.62363
355 35500.00 22.89754
356 35600.00 26.08265
357 35700.00 29.16662
358 35800.00 32.13749
359 35900.00 34.98374
360 36000.00 37.69432
361 36100.00 40.25874
362 36200.00 42.66704
363 36300.00 44.90989
364 36400.00 46.97858
365 36500.00 48.86510
366 36600.00 50.56214
367 36700.00 52.06310
368 36800.00 53.36218
369 36900.00 54.45433
370 37000.00 55.33531
371 37100.00 56.00172
372 37200.00 56.45096
373 37300.00 56.68130
374 37400.00 56.69184
375 37500.00 56.48254
376 37600.00 56.05421
377 37700.00 55.40852
378 37800.00 54.54796
379 37900.00 53.47588
380 38000.00 52.19643
381 38100.00 50.71457
382 38200.00 49.03606
383 38300.00 47.16739
384 38400.00 45.11581
385 38500.00 42.88929
386 38600.00 40.49645
387 38700.00 37.94658
388 38800.00 35.24955
389 38900.00 32.41583
390 39000.00 29.45642
391 39100.00 26.38277
392 39200.00 23.20682
393 39300.00 19.94088
394 39400.00 16.59762
395 39500.00 13.18999
396 39600.00 9.73121
397 39700.00 6.23469
398 39800.00 2.71400
399 39900.00 -0.81721
400 40000.00 -4.34526
401 40100.00 -7.85645
402 40200.00 -11.33718
403 40300.00 -14.77395
404 40400.00 -18.15343
405 40500.00 -21.46251
406 40600.00 -24.68836
407 40700.00 -27.81848
408 40800.00 -30.84072
409 40900.00 -33.74337
410 41000.00 -36.51517
411 41100.00 -39.14538
412 41200.00 -41.62378
413 41300.00 -43.94078
414 41400.00 -46.08738
415 41500.00 -48.05526
416 41600.00 -49.83680
417 41700.00 -51.42508
418 41800.00 -52.81395
419 41900.00 -53.99801
420 42000.00 -54.97268
421 42100.00 -55.73418
422 42200.00 -56.27955
423 42300.00 -56.60668
424 42400.00 -56.71431
425 42500.00 -56.60200
426 42600.00 -56.27021
427 42700.00 -55.72021
428 42800.00 -54.95414
429 42900.00 -53.97497
430 43000.00 -52.78650
431 43100.00 -51.39333
432 43200.00 -49.80087
433 43300.00 -48.01529
434 43400.00 -46.04352
435 43500.00 -43.89320
436 43600.00 -41.57267
437 43700.00 -39.09093
438 43800.00 -36.45761
439 43900.00 -33.68291
440 44000.00 -30.77759
441 44100.00 -27.75293
442 44200.00 -24.62065
443 44300.00 -21.39289
444 44400.00 -18.08217
445 44500.00 -14.70134
446 44600.00 -11.26350
447 44700.00 -7.78198
448 44800.00 -4.27028
449 44900.00 -0.74203
450 45000.00 2.78911
451 45100.00 6.30943
452 45200.00 9.80528
453 45300.00 13.26310
454 45400.00 16.66950
455 45500.00 20.01126
456 45600.00 23.27541
457 45700.00 26.44931
458 45800.00 29.52065
459 45900.00 32.47751
460 46000.00 35.30842
461 46100.00 38.00242
462 46200.00 40.54906
463 46300.00 42.93845
464 46400.00 45.16134
465 46500.00 47.20910
466 46600.00 49.07379
467 46700.00 50.74819
468 46800.00 52.22579
469 46900.00 53.50088
470 47000.00 54.56850
471 47100.00 55.42451
472 47200.00 56.06560
473 47300.00 56.48928
474 47400.00 56.69390
475 47500.00 56.67868
476 47600.00 56.44367
477 47700.00 55.98978
478 47800.00 55.31878
479 47900.00 54.43326
480 48000.00 53.33666
481 48100.00 52.03324
482 48200.00 50.52803
483 48300.00 48.82689
484 48400.00 46.93642
485 48500.00 44.86393
486 48600.00 42.61746
487 48700.00 40.20574
488 48800.00 37.63811
489 48900.00 34.92452
490 49000.00 32.07551
491 49100.00 29.10211
492 49200.00 26.01586
493 49300.00 22.82872
494 49400.00 19.55307
495 49500.00 16.20158
496 49600.00 12.78728
497 49700.00 9.32338
498 49800.00 5.82333
499 49900.00 2.30070
500 50000.00 -1.23085
501 50100.00 -4.75763
502 50200.00 -8.26596
503 50300.00 -11.74223
504 50400.00 -15.17298
505 50500.00 -18.54488
506 50600.00 -21.84487
507 50700.00 -25.06015
508 50800.00 -28.17826
509 50900.00 -31.18709
510 51000.00 -34.07499
511 51100.00 -36.83075
512 51200.00 -39.44369
513 51300.00 -41.90367
514 51400.00 -44.20116
515 51500.00 -46.32725
516 51600.00 -48.27369
517 51700.00 -50.03294
518 51800.00 -51.59817
519 51900.00 -52.96331
520 52000.00 -54.12307
521 52100.00 -55.07295
522 52200.00 -55.80928
523 52300.00 -56.32918
524 52400.00 -56.63065
525 52500.00 -56.71252
526 52600.00 -56.57447
527 52700.00 -56.21704
528 52800.00 -55.64161
529 52900.00 -54.85041
530 53000.00 -53.84651
531 53100.00 -52.63381
532 53200.00 -51.21701
533 53300.00 -49.60159
534 53400.00 -47.79384
535 53500.00 -45.80074
536 53600.00 -43.63005
537 53700.00 -41.29016
538 53800.00 -38.79016
539 53900.00 -36.13974
540 54000.00 -33.34917
541 54100.00 -30.42929
542 54200.00 -27.39141
543 54300.00 -24.24730
544 54400.00 -21.00918
545 54500.00 -17.68958
546 54600.00 -14.30139
547 54700.00 -10.85774
548 54800.00 -7.37198
549 54900.00 -3.85764
550 55000.00 -0.32834
551 55100.00 3.20224
552 55200.00 6.72039
553 55300.00 10.21249
554 55400.00 13.66498
555 55500.00 17.06449
556 55600.00 20.39782
557 55700.00 23.65205
558 55800.00 26.81457
559 55900.00 29.87310
560 56000.00 32.81580
561 56100.00 35.63124
562 56200.00 38.30850
563 56300.00 40.83722
564 56400.00 43.20758
565 56500.00 45.41039
566 56600.00 47.43711
567 56700.00 49.27987
568 56800.00 50.93154
569 56900.00 52.38571
570 57000.00 53.63673
571 57100.00 54.67977
572 57200.00 55.51077
573 57300.00 56.12650
574 57400.00 56.52459
575 57500.00 56.70349
576 57600.00 56.66251
577 57700.00 56.40180
578 57800.00 55.92238
579 57900.00 55.22610
580 58000.00 54.31567
581 58100.00 53.19461
582 58200.00 51.86727
583 58300.00 50.33880
584 58400.00 48.61513
585 58500.00 46.70294
586 58600.00 44.60965
587 58700.00 42.34337
588 58800.00 39.91289
589 58900.00 37.32764
590 59000.00 34.59763
591 59100.00 31.73347
592 59200.00 28.74625
593 59300.00 25.64756
594 59400.00 22.44941
595 59500.00 19.16421
596 59600.00 15.80469
597 59700.00 12.38389
598 59800.00 8.91506
599 59900.00 5.41166
600 60000.00 1.88728
601 60100.00 -1.64442
602 60200.00 -5.16975
603 60300.00 -8.67502
604 60400.00 -12.14666
605 60500.00 -15.57120
606 60600.00 -18.93535
607 60700.00 -22.22607
608 60800.00 -25.43061
609 60900.00 -28.53653
610 61000.00 -31.53180
611 61100.00 -34.40479
612 61200.00 -37.14437
613 61300.00 -39.73990
614 61400.00 -42.18134
615 61500.00 -44.45920
616 61600.00 -46.56466
617 61700.00 -48.48956
618 61800.00 -50.22642
619 61900.00 -51.76851
620 62000.00 -53.10986
621 62100.00 -54.24525
622 62200.00 -55.17030
623 62300.00 -55.88140
624 62400.00 -56.37581
625 62500.00 -56.65161
626 62600.00 -56.70772
627 62700.00 -56.54393
628 62800.00 -56.16088
629 62900.00 -55.56005
630 63000.00 -54.74376
631 63100.00 -53.71519
632 63200.00 -52.47833
633 63300.00 -51.03796
634 63400.00 -49.39968
635 63500.00 -47.56984
636 63600.00 -45.55554
637 63700.00 -43.36457
638 63800.00 -41.00545
639 63900.00 -38.48732
640 64000.00 -35.81994
641 64100.00 -33.01366
642 64200.00 -30.07936
643 64300.00 -27.02842
644 64400.00 -23.87267
645 64500.00 -20.62435
646 64600.00 -17.29605
647 64700.00 -13.90067
648 64800.00 -10.45140
649 64900.00 -6.96159
650 65000.00 -3.44479
651 65100.00 0.08537
652 65200.00 3.61519
653 65300.00 7.13100
654 65400.00 10.61916
655 65500.00 14.06613
656 65600.00 17.45856
657 65700.00 20.78330
658 65800.00 24.02743
659 65900.00 27.17840
660 66000.00 30.22397
661 66100.00 33.15234
662 66200.00 35.95215
663 66300.00 38.61255
664 66400.00 41.12321
665 66500.00 43.47441
666 66600.00 45.65702
667 66700.00 47.66259
668 66800.00 49.48333
669 66900.00 51.11218
670 67000.00 52.54283
671 67100.00 53.76973
672 67200.00 54.78813
673 67300.00 55.59406
674 67400.00 56.18442
675 67500.00 56.55690
676 67600.00 56.71007
677 67700.00 56.64333
678 67800.00 56.35693
679 67900.00 55.85200
680 68000.00 55.13048
681 68100.00 54.19518
682 68200.00 53.04972
683 68300.00 51.69855
684 68400.00 50.14689
685 68500.00 48.40079
686 68600.00 46.46699
687 68700.00 44.35300
688 68800.00 42.06702
689 68900.00 39.61791
690 69000.00 37.01518
691 69100.00 34.26891
692 69200.00 31.38974
693 69300.00 28.38886
694 69400.00 25.27789
695 69500.00 22.06890
696 69600.00 18.77433
697 69700.00 15.40695
698 69800.00 11.97984
699 69900.00 8.50626
