300 30000.00 -226.40768
301 30100.00 -222.96379
302 30200.00 -219.58729
303 30300.00 -216.27902
304 30400.00 -213.03976
305 30500.00 -209.87026
306 30600.00 -206.77124
307 30700.00 -203.74337
308 30800.00 -200.78732
309 30900.00 -197.90372
310 31000.00 -195.09315
311 31100.00 -192.35620
312 31200.00 -189.69341
313 31300.00 -187.10532
314 31400.00 -184.59243
315 31500.00 -182.15523
316 31600.00 -179.79417
317 31700.00 -177.50970
318 31800.00 -175.30225
319 31900.00 -173.17222
320 32000.00 -171.11999
321 32100.00 -169.14592
322 32200.00 -167.25036
323 32300.00 -165.43362
324 32400.00 -163.69601
325 32500.00 -162.03779
326 32600.00 -160.45922
327 32700.00 -158.96052
328 32800.00 -157.54188
329 32900.00 -156.20348
330 33000.00 -154.94545
331 33100.00 -153.76789
332 33200.00 -152.67085
333 33300.00 -151.65437
334 33400.00 -150.71843
335 33500.00 -149.86295
336 33600.00 -149.08782
337 33700.00 -148.39285
338 33800.00 -147.77781
339 33900.00 -147.24238
340 34000.00 -146.78620
341 34100.00 -146.40878
342 34200.00 -146.10958
343 34300.00 -145.88795
344 34400.00 -145.74313
345 34500.00 -145.67424
346 34600.00 -145.68027
347 34700.00 -145.76009
348 34800.00 -145.91239
349 34900.00 -146.13570
350 35000.00 -146.42837
351 35100.00 -146.78857
352 35200.00 -147.21420
353 35300.00 -147.70299
354 35400.00 -148.25236
355 35500.00 -148.85949
356 35600.00 -149.52124
357 35700.00 -150.23415
358 35800.00 -150.99443
359 35900.00 -151.79791
360 36000.00 -152.64002
361 36100.00 -153.51580
362 36200.00 -154.41982
363 36300.00 -155.34621
364 36400.00 -156.28861
365 36500.00 -157.24019
366 36600.00 -158.19360
367 36700.00 -159.14099
368 36800.00 -160.07401
369 36900.00 -160.98384
370 37000.00 -161.86117
371 37100.00 -162.69629
372 37200.00 -163.47911
373 37300.00 -164.19921
374 37400.00 -164.84598
375 37500.00 -165.40866
376 37600.00 -165.87648
377 37700.00 -166.23877
378 37800.00 -166.48515
379 37900.00 -166.60560
380 38000.00 -166.59070
381 38100.00 -166.43171
382 38200.00 -166.12079
383 38300.00 -165.65106
384 38400.00 -165.01680
385 38500.00 -164.21349
386 38600.00 -163.23792
387 38700.00 -162.08821
388 38800.00 -160.76383
389 38900.00 -159.26558
390 39000.00 -157.59554
391 39100.00 -155.75700
392 39200.00 -153.75436
393 39300.00 -151.59301
394 39400.00 -149.27921
395 39500.00 -146.81996
396 39600.00 -144.22286
397 39700.00 -141.49597
398 39800.00 -138.64770
399 39900.00 -135.68667
400 40000.00 -132.62163
401 40100.00 -129.46136
402 40200.00 -126.21454
403 40300.00 -122.88977
404 40400.00 -119.49543
405 40500.00 -116.03967
406 40600.00 -112.53037
407 40700.00 -108.97511
408 40800.00 -105.38116
409 40900.00 -101.75546
410 41000.00 -98.10460
411 41100.00 -94.43485
412 41200.00 -90.75214
413 41300.00 -87.06208
414 41400.00 -83.36997
415 41500.00 -79.68077
416 41600.00 -75.99918
417 41700.00 -72.32960
418 41800.00 -68.67617
419 41900.00 -65.04277
420 42000.00 -61.43304
421 42100.00 -57.85040
422 42200.00 -54.29804
423 42300.00 -50.77896
424 42400.00 -47.29598
425 42500.00 -43.85174
426 42600.00 -40.44869
427 42700.00 -37.08917
428 42800.00 -33.77534
429 42900.00 -30.50924
430 43000.00 -27.29280
431 43100.00 -24.12782
432 43200.00 -21.01598
433 43300.00 -17.95889
434 43400.00 -14.95804
435 43500.00 -12.01485
436 43600.00 -9.13065
437 43700.00 -6.30671
438 43800.00 -3.54421
439 43900.00 -0.84428
440 44000.00 1.79200
441 44100.00 4.36364
442 44200.00 6.86967
443 44300.00 9.30917
444 44400.00 11.68129
445 44500.00 13.98519
446 44600.00 16.22009
447 44700.00 18.38524
448 44800.00 20.47991
449 44900.00 22.50344
450 45000.00 24.45516
451 45100.00 26.33444
452 45200.00 28.14069
453 45300.00 29.87333
454 45400.00 31.53180
455 45500.00 33.11559
456 45600.00 34.62418
457 45700.00 36.05710
458 45800.00 37.41386
459 45900.00 38.69405
460 46000.00 39.89722
461 46100.00 41.02297
462 46200.00 42.07093
463 46300.00 43.04073
464 46400.00 43.93203
465 46500.00 44.74451
466 46600.00 45.47786
467 46700.00 46.13183
468 46800.00 46.70615
469 46900.00 47.20060
470 47000.00 47.61498
471 47100.00 47.94914
472 47200.00 48.20292
473 47300.00 48.37624
474 47400.00 48.46903
475 47500.00 48.48126
476 47600.00 48.41296
477 47700.00 48.26420
478 47800.00 48.03509
479 47900.00 47.72580
480 48000.00 47.33659
481 48100.00 46.86776
482 48200.00 46.31969
483 48300.00 45.69284
484 48400.00 44.98776
485 48500.00 44.20511
486 48600.00 43.34565
487 48700.00 42.41024
488 48800.00 41.39990
489 48900.00 40.31576
490 49000.00 39.15913
491 49100.00 37.93146
492 49200.00 36.63442
493 49300.00 35.26984
494 49400.00 33.83978
495 49500.00 32.34656
496 49600.00 30.79272
497 49700.00 29.18109
498 49800.00 27.51481
499 49900.00 25.79733
500 50000.00 24.03244
501 50100.00 22.22430
502 50200.00 20.37748
503 50300.00 18.49695
504 50400.00 16.58811
505 50500.00 14.65684
506 50600.00 12.70948
507 50700.00 10.75288
508 50800.00 8.79437
509 50900.00 6.84179
510 51000.00 4.90348
511 51100.00 2.98828
512 51200.00 1.10548
513 51300.00 -0.73522
514 51400.00 -2.52372
515 51500.00 -4.24962
516 51600.00 -5.90229
517 51700.00 -7.47098
518 51800.00 -8.94493
519 51900.00 -10.31346
520 52000.00 -11.56618
521 52100.00 -12.69308
522 52200.00 -13.68472
523 52300.00 -14.53237
524 52400.00 -15.22815
525 52500.00 -15.76519
526 52600.00 -16.13775
527 52700.00 -16.34131
528 52800.00 -16.37263
529 52900.00 -16.22983
530 53000.00 -15.91235
531 53100.00 -15.42099
532 53200.00 -14.75781
533 53300.00 -13.92609
534 53400.00 -12.93022
535 53500.00 -11.77557
536 53600.00 -10.46842
537 53700.00 -9.01573
538 53800.00 -7.42511
539 53900.00 -5.70461
540 54000.00 -3.86265
541 54100.00 -1.90783
542 54200.00 0.15108
543 54300.00 2.30533
544 54400.00 4.54620
545 54500.00 6.86511
546 54600.00 9.25369
547 54700.00 11.70377
548 54800.00 14.20746
549 54900.00 16.75720
550 55000.00 19.34569
551 55100.00 21.96602
552 55200.00 24.61157
553 55300.00 27.27607
554 55400.00 29.95358
555 55500.00 32.63851
556 55600.00 35.32554
557 55700.00 38.00971
558 55800.00 40.68632
559 55900.00 43.35096
560 56000.00 45.99949
561 56100.00 48.62804
562 56200.00 51.23295
563 56300.00 53.81081
564 56400.00 56.35841
565 56500.00 58.87277
566 56600.00 61.35105
567 56700.00 63.79063
568 56800.00 66.18904
569 56900.00 68.54394
570 57000.00 70.85317
571 57100.00 73.11469
572 57200.00 75.32657
573 57300.00 77.48702
574 57400.00 79.59434
575 57500.00 81.64692
576 57600.00 83.64328
577 57700.00 85.58200
578 57800.00 87.46173
579 57900.00 89.28122
580 58000.00 91.03928
581 58100.00 92.73478
582 58200.00 94.36665
583 58300.00 95.93389
584 58400.00 97.43552
585 58500.00 98.87064
586 58600.00 100.23838
587 58700.00 101.53791
588 58800.00 102.76845
589 58900.00 103.92924
590 59000.00 105.01957
591 59100.00 106.03876
592 59200.00 106.98614
593 59300.00 107.86110
594 59400.00 108.66303
595 59500.00 109.39135
596 59600.00 110.04552
597 59700.00 110.62501
598 59800.00 111.12930
599 59900.00 111.55792
600 60000.00 111.91040
601 60100.00 112.18630
602 60200.00 112.38519
603 60300.00 112.50667
604 60400.00 112.55036
605 60500.00 112.51589
606 60600.00 112.40293
607 60700.00 112.21114
608 60800.00 111.94024
609 60900.00 111.58995
610 61000.00 111.16002
611 61100.00 110.65022
612 61200.00 110.06035
613 61300.00 109.39026
614 61400.00 108.63980
615 61500.00 107.80887
616 61600.00 106.89742
617 61700.00 105.90541
618 61800.00 104.83286
619 61900.00 103.67985
620 62000.00 102.44649
621 62100.00 101.13296
622 62200.00 99.73950
623 62300.00 98.26641
624 62400.00 96.71407
625 62500.00 95.08296
626 62600.00 93.37361
627 62700.00 91.58668
628 62800.00 89.72293
629 62900.00 87.78322
630 63000.00 85.76857
631 63100.00 83.68011
632 63200.00 81.51914
633 63300.00 79.28713
634 63400.00 76.98571
635 63500.00 74.61674
636 63600.00 72.18228
637 63700.00 69.68461
638 63800.00 67.12631
639 63900.00 64.51018
640 64000.00 61.83937
641 64100.00 59.11732
642 64200.00 56.34782
643 64300.00 53.53503
644 64400.00 50.68350
645 64500.00 47.79820
646 64600.00 44.88455
647 64700.00 41.94840
648 64800.00 38.99609
649 64900.00 36.03446
650 65000.00 33.07084
651 65100.00 30.11307
652 65200.00 27.16949
653 65300.00 24.24892
654 65400.00 21.36064
655 65500.00 18.51437
656 65600.00 15.72019
657 65700.00 12.98850
658 65800.00 10.32993
659 65900.00 7.75522
660 66000.00 5.27514
661 66100.00 2.90037
662 66200.00 0.64131
663 66300.00 -1.49204
664 66400.00 -3.49022
665 66500.00 -5.34449
666 66600.00 -7.04697
667 66700.00 -8.59079
668 66800.00 -9.97018
669 66900.00 -11.18060
670 67000.00 -12.21881
671 67100.00 -13.08291
672 67200.00 -13.77234
673 67300.00 -14.28786
674 67400.00 -14.63154
675 67500.00 -14.80665
676 67600.00 -14.81754
677 67700.00 -14.66961
678 67800.00 -14.36909
679 67900.00 -13.92297
680 68000.00 -13.33883
681 68100.00 -12.62473
682 68200.00 -11.78907
683 68300.00 -10.84047
684 68400.00 -9.78768
685 68500.00 -8.63947
686 68600.00 -7.40454
687 68700.00 -6.09148
688 68800.00 -4.70867
689 68900.00 -3.26428
690 69000.00 -1.76619
691 69100.00 -0.22198
692 69200.00 1.36107
693 69300.00 2.97601
694 69400.00 4.61624
695 69500.00 6.27549
696 69600.00 7.94782
697 69700.00 9.62761
698 69800.00 11.30957
699 69900.00 12.98870
