300 30000.00 6.14654
301 30100.00 6.28346
302 30200.00 6.42038
303 30300.00 6.55730
304 30400.00 6.69422
305 30500.00 6.83114
306 30600.00 6.96806
307 30700.00 7.10499
308 30800.00 7.24191
309 30900.00 7.37883
310 31000.00 7.51575
311 31100.00 7.65267
312 31200.00 7.78959
313 31300.00 7.92651
314 31400.00 8.06344
315 31500.00 8.20036
316 31600.00 8.33728
317 31700.00 8.47420
318 31800.00 8.61112
319 31900.00 8.74804
320 32000.00 8.88496
321 32100.00 9.02188
322 32200.00 9.15881
323 32300.00 9.29573
324 32400.00 9.43265
325 32500.00 9.56957
326 32600.00 9.70649
327 32700.00 9.84341
328 32800.00 9.98033
329 32900.00 10.11725
330 33000.00 10.25418
331 33100.00 10.39110
332 33200.00 10.52802
333 33300.00 10.66494
334 33400.00 10.80186
335 33500.00 10.93878
336 33600.00 11.07570
337 33700.00 11.21262
338 33800.00 11.34955
339 33900.00 11.48647
340 34000.00 11.62339
341 34100.00 11.76031
342 34200.00 11.89723
343 34300.00 12.03415
344 34400.00 12.17107
345 34500.00 12.30799
346 34600.00 12.44492
347 34700.00 12.58184
348 34800.00 12.71876
349 34900.00 12.85568
350 35000.00 12.99260
351 35100.00 13.12952
352 35200.00 13.26644
353 35300.00 13.40336
354 35400.00 13.54029
355 35500.00 13.67721
356 35600.00 13.81413
357 35700.00 13.95105
358 35800.00 14.08797
359 35900.00 14.22489
360 36000.00 14.36181
361 36100.00 14.49873
362 36200.00 14.63566
363 36300.00 14.77258
364 36400.00 14.90950
365 36500.00 15.04642
366 36600.00 15.18334
367 36700.00 15.32026
368 36800.00 15.45718
369 36900.00 15.59411
370 37000.00 15.73103
371 37100.00 15.86795
372 37200.00 16.00487
373 37300.00 16.14179
374 37400.00 16.27871
375 37500.00 16.41563
376 37600.00 16.55255
377 37700.00 16.68948
378 37800.00 16.82640
379 37900.00 16.96332
380 38000.00 17.10024
381 38100.00 17.23716
382 38200.00 17.37408
383 38300.00 17.51100
384 38400.00 17.64792
385 38500.00 17.78485
386 38600.00 17.92177
387 38700.00 18.05869
388 38800.00 18.19561
389 38900.00 18.33253
390 39000.00 18.46945
391 39100.00 18.60637
392 39200.00 18.74329
393 39300.00 18.88022
394 39400.00 19.01714
395 39500.00 19.15406
396 39600.00 19.29098
397 39700.00 19.42790
398 39800.00 19.56482
399 39900.00 19.70174
400 40000.00 19.83866
401 40100.00 19.97559
402 40200.00 20.11251
403 40300.00 20.24943
404 40400.00 20.38635
405 40500.00 20.52327
406 40600.00 20.66019
407 40700.00 20.79711
408 40800.00 20.93403
409 40900.00 21.07096
410 41000.00 21.20788
411 41100.00 21.34480
412 41200.00 21.48172
413 41300.00 21.61864
414 41400.00 21.75556
415 41500.00 21.89248
416 41600.00 22.02941
417 41700.00 22.16633
418 41800.00 22.30325
419 41900.00 22.44017
420 42000.00 22.57709
421 42100.00 22.71401
422 42200.00 22.85093
423 42300.00 22.98785
424 42400.00 23.12478
425 42500.00 23.26170
426 42600.00 23.39862
427 42700.00 23.53554
428 42800.00 23.67246
429 42900.00 23.80938
430 43000.00 23.94630
431 43100.00 24.08322
432 43200.00 24.22015
433 43300.00 24.35707
434 43400.00 24.49399
435 43500.00 24.63091
436 43600.00 24.76783
437 43700.00 24.90475
438 43800.00 25.04167
439 43900.00 25.17859
440 44000.00 25.31552
441 44100.00 25.45244
442 44200.00 25.58936
443 44300.00 25.72628
444 44400.00 25.86320
445 44500.00 26.00012
446 44600.00 26.13704
447 44700.00 26.27396
448 44800.00 26.41089
449 44900.00 26.54781
450 45000.00 26.68473
451 45100.00 26.82165
452 45200.00 26.95857
453 45300.00 27.09549
454 45400.00 27.23241
455 45500.00 27.36933
456 45600.00 27.50626
457 45700.00 27.64318
458 45800.00 27.78010
459 45900.00 27.91702
460 46000.00 28.05394
461 46100.00 28.19086
462 46200.00 28.32778
463 46300.00 28.46471
464 46400.00 28.60163
465 46500.00 28.73855
466 46600.00 28.87547
467 46700.00 29.01239
468 46800.00 29.14931
469 46900.00 29.28623
470 47000.00 29.42315
471 47100.00 29.56008
472 47200.00 29.69700
473 47300.00 29.83392
474 47400.00 29.97084
475 47500.00 30.10776
476 47600.00 30.24468
477 47700.00 30.38160
478 47800.00 30.51852
479 47900.00 30.65545
480 48000.00 30.79237
481 48100.00 30.92929
482 48200.00 31.06621
483 48300.00 31.20313
484 48400.00 31.34005
485 48500.00 31.47697
486 48600.00 31.61389
487 48700.00 31.75082
488 48800.00 31.88774
489 48900.00 32.02466
490 49000.00 32.16158
491 49100.00 32.29850
492 49200.00 32.43542
493 49300.00 32.57234
494 49400.00 32.70926
495 49500.00 32.84619
496 49600.00 32.98311
497 49700.00 33.12003
498 49800.00 33.25695
499 49900.00 33.39387
500 50000.00 33.53079
501 50100.00 33.66771
502 50200.00 33.80463
503 50300.00 33.94156
504 50400.00 34.07848
505 50500.00 34.21540
506 50600.00 34.35232
507 50700.00 34.48924
508 50800.00 34.62616
509 50900.00 34.76308
510 51000.00 34.90001
511 51100.00 35.03693
512 51200.00 35.17385
513 51300.00 35.31077
514 51400.00 35.44769
515 51500.00 35.58461
516 51600.00 35.72153
517 51700.00 35.85845
518 51800.00 35.99538
519 51900.00 36.13230
520 52000.00 36.26922
521 52100.00 36.40614
522 52200.00 36.54306
523 52300.00 36.67998
524 52400.00 36.81690
525 52500.00 36.95382
526 52600.00 37.09075
527 52700.00 37.22767
528 52800.00 37.36459
529 52900.00 37.50151
530 53000.00 37.63843
531 53100.00 37.77535
532 53200.00 37.91227
533 53300.00 38.04919
534 53400.00 38.18612
535 53500.00 38.32304
536 53600.00 38.45996
537 53700.00 38.59688
538 53800.00 38.73380
539 53900.00 38.87072
540 54000.00 39.00764
541 54100.00 39.14456
542 54200.00 39.28149
543 54300.00 39.41841
544 54400.00 39.55533
545 54500.00 39.69225
546 54600.00 39.82917
547 54700.00 39.96609
548 54800.00 40.10301
549 54900.00 40.23993
550 55000.00 40.37686
551 55100.00 40.51378
552 55200.00 40.65070
553 55300.00 40.78762
554 55400.00 40.92454
555 55500.00 41.06146
556 55600.00 41.19838
557 55700.00 41.33531
558 55800.00 41.47223
559 55900.00 41.60915
560 56000.00 41.74607
561 56100.00 41.88299
562 56200.00 42.01991
563 56300.00 42.15683
564 56400.00 42.29375
565 56500.00 42.43068
566 56600.00 42.56760
567 56700.00 42.70452
568 56800.00 42.84144
569 56900.00 42.97836
570 57000.00 43.11528
571 57100.00 43.25220
572 57200.00 43.38912
573 57300.00 43.52605
574 57400.00 43.66297
575 57500.00 43.79989
576 57600.00 43.93681
577 57700.00 44.07373
578 57800.00 44.21065
579 57900.00 44.34757
580 58000.00 44.48449
581 58100.00 44.62142
582 58200.00 44.75834
583 58300.00 44.89526
584 58400.00 45.03218
585 58500.00 45.16910
586 58600.00 45.30602
587 58700.00 45.44294
588 58800.00 45.57986
589 58900.00 45.71679
590 59000.00 45.85371
591 59100.00 45.99063
592 59200.00 46.12755
593 59300.00 46.26447
594 59400.00 46.40139
595 59500.00 46.53831
596 59600.00 46.67523
597 59700.00 46.81216
598 59800.00 46.94908
599 59900.00 47.08600
600 60000.00 47.22292
601 60100.00 47.35984
602 60200.00 47.49676
603 60300.00 47.63368
604 60400.00 47.77060
605 60500.00 47.90753
606 60600.00 48.04445
607 60700.00 48.18137
608 60800.00 48.31829
609 60900.00 48.45521
610 61000.00 48.59213
611 61100.00 48.72905
612 61200.00 48.86598
613 61300.00 49.00290
614 61400.00 49.13982
615 61500.00 49.27674
616 61600.00 49.41366
617 61700.00 49.55058
618 61800.00 49.68750
619 61900.00 49.82442
620 62000.00 49.96135
621 62100.00 50.09827
622 62200.00 50.23519
623 62300.00 50.37211
624 62400.00 50.50903
625 62500.00 50.64595
626 62600.00 50.78287
627 62700.00 50.91979
628 62800.00 51.05672
629 62900.00 51.19364
630 63000.00 51.33056
631 63100.00 51.46748
632 63200.00 51.60440
633 63300.00 51.74132
634 63400.00 51.87824
635 63500.00 52.01516
636 63600.00 52.15209
637 63700.00 52.28901
638 63800.00 52.42593
639 63900.00 52.56285
640 64000.00 52.69977
641 64100.00 52.83669
642 64200.00 52.97361
643 64300.00 53.11053
644 64400.00 53.24746
645 64500.00 53.38438
646 64600.00 53.52130
647 64700.00 53.65822
648 64800.00 53.79514
649 64900.00 53.93206
650 65000.00 54.06898
651 65100.00 54.20590
652 65200.00 54.34283
653 65300.00 54.47975
654 65400.00 54.61667
655 65500.00 54.75359
656 65600.00 54.89051
657 65700.00 55.02743
658 65800.00 55.16435
659 65900.00 55.30128
660 66000.00 55.43820
661 66100.00 55.57512
662 66200.00 55.71204
663 66300.00 55.84896
664 66400.00 55.98588
665 66500.00 56.12280
666 66600.00 56.25972
667 66700.00 56.39665
668 66800.00 56.53357
669 66900.00 56.67049
670 67000.00 56.80741
671 67100.00 56.94433
672 67200.00 57.08125
673 67300.00 57.21817
674 67400.00 57.35509
675 67500.00 57.49202
676 67600.00 57.62894
677 67700.00 57.76586
678 67800.00 57.90278
679 67900.00 58.03970
680 68000.00 58.17662
681 68100.00 58.31354
682 68200.00 58.45046
683 68300.00 58.58739
684 68400.00 58.72431
685 68500.00 58.86123
686 68600.00 58.99815
687 68700.00 59.13507
688 68800.00 59.27199
689 68900.00 59.40891
690 69000.00 59.54583
691 69100.00 59.68276
692 69200.00 59.81968
693 69300.00 59.95660
694 69400.00 60.09352
695 69500.00 60.23044
696 69600.00 60.36736
697 69700.00 60.50428
698 69800.00 60.64120
699 69900.00 60.77813
