300 30000.00 318.75587
301 30100.00 315.36906
302 30200.00 312.00033
303 30300.00 308.64970
304 30400.00 305.31715
305 30500.00 302.00269
306 30600.00 298.70632
307 30700.00 295.42804
308 30800.00 292.16785
309 30900.00 288.92574
310 31000.00 285.70173
311 31100.00 282.49581
312 31200.00 279.30797
313 31300.00 276.13822
314 31400.00 272.98656
315 31500.00 269.85299
316 31600.00 266.73751
317 31700.00 263.64012
318 31800.00 260.56082
319 31900.00 257.49960
320 32000.00 254.45648
321 32100.00 251.43144
322 32200.00 248.42449
323 32300.00 245.43563
324 32400.00 242.46486
325 32500.00 239.51218
326 32600.00 236.57759
327 32700.00 233.66108
328 32800.00 230.76267
329 32900.00 227.88234
330 33000.00 225.02011
331 33100.00 222.17596
332 33200.00 219.34990
333 33300.00 216.54193
334 33400.00 213.75205
335 33500.00 210.98025
336 33600.00 208.22655
337 33700.00 205.49093
338 33800.00 202.77341
339 33900.00 200.07397
340 34000.00 197.39262
341 34100.00 194.72936
342 34200.00 192.08419
343 34300.00 189.45711
344 34400.00 186.84812
345 34500.00 184.25721
346 34600.00 181.68440
347 34700.00 179.12967
348 34800.00 176.59303
349 34900.00 174.07448
350 35000.00 171.57402
351 35100.00 169.09165
352 35200.00 166.62737
353 35300.00 164.18117
354 35400.00 161.75307
355 35500.00 159.34305
356 35600.00 156.95113
357 35700.00 154.57729
358 35800.00 152.22154
359 35900.00 149.88388
360 36000.00 147.56431
361 36100.00 145.26282
362 36200.00 142.97943
363 36300.00 140.71412
364 36400.00 138.46691
365 36500.00 136.23778
366 36600.00 134.02674
367 36700.00 131.83379
368 36800.00 129.65893
369 36900.00 127.50216
370 37000.00 125.36348
371 37100.00 123.24288
372 37200.00 121.14038
373 37300.00 119.05596
374 37400.00 116.98963
375 37500.00 114.94139
376 37600.00 112.91124
377 37700.00 110.89918
378 37800.00 108.90521
379 37900.00 106.92932
380 38000.00 104.97153
381 38100.00 103.03182
382 38200.00 101.11021
383 38300.00 99.20668
384 38400.00 97.32124
385 38500.00 95.45389
386 38600.00 93.60463
387 38700.00 91.77345
388 38800.00 89.96037
389 38900.00 88.16537
390 39000.00 86.38847
391 39100.00 84.62965
392 39200.00 82.88892
393 39300.00 81.16628
394 39400.00 79.46173
395 39500.00 77.77527
396 39600.00 76.10690
397 39700.00 74.45661
398 39800.00 72.82442
399 39900.00 71.21031
400 40000.00 69.61429
401 40100.00 68.03636
402 40200.00 66.47652
403 40300.00 64.93477
404 40400.00 63.41111
405 40500.00 61.90554
406 40600.00 60.41805
407 40700.00 58.94865
408 40800.00 57.49735
409 40900.00 56.06413
410 41000.00 54.64900
411 41100.00 53.25196
412 41200.00 51.87301
413 41300.00 50.51214
414 41400.00 49.16937
415 41500.00 47.84469
416 41600.00 46.53809
417 41700.00 45.24958
418 41800.00 43.97916
419 41900.00 42.72683
420 42000.00 41.49259
421 42100.00 40.27644
422 42200.00 39.07838
423 42300.00 37.89840
424 42400.00 36.73652
425 42500.00 35.59272
426 42600.00 34.46701
427 42700.00 33.35939
428 42800.00 32.26986
429 42900.00 31.19842
430 43000.00 30.14507
431 43100.00 29.10981
432 43200.00 28.09263
433 43300.00 27.09355
434 43400.00 26.11255
435 43500.00 25.14964
436 43600.00 24.20482
437 43700.00 23.27809
438 43800.00 22.36945
439 43900.00 21.47890
440 44000.00 20.60643
441 44100.00 19.75206
442 44200.00 18.91577
443 44300.00 18.09757
444 44400.00 17.29747
445 44500.00 16.51545
446 44600.00 15.75152
447 44700.00 15.00567
448 44800.00 14.27792
449 44900.00 13.56826
450 45000.00 12.87668
451 45100.00 12.20319
452 45200.00 11.54780
453 45300.00 10.91049
454 45400.00 10.29127
455 45500.00 9.69014
456 45600.00 9.10709
457 45700.00 8.54214
458 45800.00 7.99528
459 45900.00 7.46650
460 46000.00 6.95581
461 46100.00 6.46321
462 46200.00 5.98870
463 46300.00 5.53228
464 46400.00 5.09395
465 46500.00 4.67371
466 46600.00 4.27156
467 46700.00 3.88749
468 46800.00 3.52152
469 46900.00 3.17363
470 47000.00 2.84383
471 47100.00 2.53212
472 47200.00 2.23850
473 47300.00 1.96297
474 47400.00 1.70552
475 47500.00 1.46617
476 47600.00 1.24490
477 47700.00 1.04173
478 47800.00 0.85664
479 47900.00 0.68964
480 48000.00 0.54073
481 48100.00 0.40991
482 48200.00 0.29718
483 48300.00 0.20253
484 48400.00 0.12598
485 48500.00 0.06751
486 48600.00 0.02714
487 48700.00 0.00485
488 48800.00 0.00065
489 48900.00 0.01454
490 49000.00 0.04652
491 49100.00 0.09658
492 49200.00 0.16474
493 49300.00 0.25099
494 49400.00 0.35532
495 49500.00 0.47774
496 49600.00 0.61825
497 49700.00 0.77685
498 49800.00 0.95354
499 49900.00 1.14832
500 50000.00 1.36119
501 50100.00 1.59214
502 50200.00 1.84119
503 50300.00 2.10832
504 50400.00 2.39354
505 50500.00 2.69686
506 50600.00 3.01826
507 50700.00 3.35774
508 50800.00 3.71532
509 50900.00 4.09099
510 51000.00 4.48474
511 51100.00 4.89659
512 51200.00 5.32652
513 51300.00 5.77454
514 51400.00 6.24065
515 51500.00 6.72485
516 51600.00 7.22714
517 51700.00 7.74752
518 51800.00 8.28599
519 51900.00 8.84254
520 52000.00 9.41718
521 52100.00 10.00992
522 52200.00 10.62074
523 52300.00 11.24965
524 52400.00 11.89665
525 52500.00 12.56174
526 52600.00 13.24491
527 52700.00 13.94618
528 52800.00 14.66553
529 52900.00 15.40298
530 53000.00 16.15851
531 53100.00 16.93213
532 53200.00 17.72384
533 53300.00 18.53364
534 53400.00 19.36153
535 53500.00 20.20750
536 53600.00 21.07157
537 53700.00 21.95372
538 53800.00 22.85397
539 53900.00 23.77230
540 54000.00 24.70872
541 54100.00 25.66323
542 54200.00 26.63583
543 54300.00 27.62651
544 54400.00 28.63529
545 54500.00 29.66216
546 54600.00 30.70711
547 54700.00 31.77015
548 54800.00 32.85128
549 54900.00 33.95050
550 55000.00 35.06781
551 55100.00 36.20321
552 55200.00 37.35670
553 55300.00 38.52828
554 55400.00 39.71794
555 55500.00 40.92569
556 55600.00 42.15154
557 55700.00 43.39547
558 55800.00 44.65749
559 55900.00 45.93760
560 56000.00 47.23579
561 56100.00 48.55208
562 56200.00 49.88646
563 56300.00 51.23892
564 56400.00 52.60947
565 56500.00 53.99812
566 56600.00 55.40485
567 56700.00 56.82967
568 56800.00 58.27257
569 56900.00 59.73357
570 57000.00 61.21266
571 57100.00 62.70983
572 57200.00 64.22510
573 57300.00 65.75845
574 57400.00 67.30989
575 57500.00 68.87942
576 57600.00 70.46704
577 57700.00 72.07275
578 57800.00 73.69655
579 57900.00 75.33843
580 58000.00 76.99841
581 58100.00 78.67647
582 58200.00 80.37262
583 58300.00 82.08686
584 58400.00 83.81919
585 58500.00 85.56961
586 58600.00 87.33812
587 58700.00 89.12472
588 58800.00 90.92940
589 58900.00 92.75218
590 59000.00 94.59304
591 59100.00 96.45199
592 59200.00 98.32903
593 59300.00 100.22416
594 59400.00 102.13738
595 59500.00 104.06869
596 59600.00 106.01809
597 59700.00 107.98557
598 59800.00 109.97114
599 59900.00 111.97481
600 60000.00 113.99656
601 60100.00 116.03640
602 60200.00 118.09433
603 60300.00 120.17035
604 60400.00 122.26445
605 60500.00 124.37665
606 60600.00 126.50693
607 60700.00 128.65531
608 60800.00 130.82177
609 60900.00 133.00632
610 61000.00 135.20896
611 61100.00 137.42969
612 61200.00 139.66851
613 61300.00 141.92542
614 61400.00 144.20041
615 61500.00 146.49350
616 61600.00 148.80467
617 61700.00 151.13393
618 61800.00 153.48128
619 61900.00 155.84672
620 62000.00 158.23025
621 62100.00 160.63187
622 62200.00 163.05157
623 62300.00 165.48937
624 62400.00 167.94525
625 62500.00 170.41923
626 62600.00 172.91129
627 62700.00 175.42144
628 62800.00 177.94968
629 62900.00 180.49601
630 63000.00 183.06042
631 63100.00 185.64293
632 63200.00 188.24352
633 63300.00 190.86221
634 63400.00 193.49898
635 63500.00 196.15384
636 63600.00 198.82679
637 63700.00 201.51783
638 63800.00 204.22696
639 63900.00 206.95418
640 64000.00 209.69948
641 64100.00 212.46288
642 64200.00 215.24436
643 64300.00 218.04393
644 64400.00 220.86159
645 64500.00 223.69734
646 64600.00 226.55118
647 64700.00 229.42311
648 64800.00 232.31312
649 64900.00 235.22123
650 65000.00 238.14742
651 65100.00 241.09171
652 65200.00 244.05408
653 65300.00 247.03454
654 65400.00 250.03309
655 65500.00 253.04973
656 65600.00 256.08445
657 65700.00 259.13727
658 65800.00 262.20817
659 65900.00 265.29717
660 66000.00 268.40425
661 66100.00 271.52942
662 66200.00 274.67268
663 66300.00 277.83403
664 66400.00 281.01347
665 66500.00 284.21100
666 66600.00 287.42661
667 66700.00 290.66032
668 66800.00 293.91211
669 66900.00 297.18199
670 67000.00 300.46996
671 67100.00 303.77602
672 67200.00 307.10017
673 67300.00 310.44241
674 67400.00 313.80273
675 67500.00 317.18115
676 67600.00 320.57765
677 67700.00 323.99225
678 67800.00 327.42493
679 67900.00 330.87570
680 68000.00 334.34456
681 68100.00 337.83151
682 68200.00 341.33654
683 68300.00 344.85967
684 68400.00 348.40088
685 68500.00 351.96019
686 68600.00 355.53758
687 68700.00 359.13306
688 68800.00 362.74663
689 68900.00 366.37829
690 69000.00 370.02804
691 69100.00 373.69588
692 69200.00 377.38180
693 69300.00 381.08582
694 69400.00 384.80792
695 69500.00 388.54811
696 69600.00 392.30639
697 69700.00 396.08276
698 69800.00 399.87722
699 69900.00 403.68977
