300 30000.00 1.69967
301 30100.00 -0.50311
302 30200.00 -2.70467
303 30300.00 -4.89954
304 30400.00 -7.08163
305 30500.00 -9.24417
306 30600.00 -11.37963
307 30700.00 -13.47954
308 30800.00 -15.53444
309 30900.00 -17.53369
310 31000.00 -19.46532
311 31100.00 -21.31585
312 31200.00 -23.07009
313 31300.00 -24.71099
314 31400.00 -26.21936
315 31500.00 -27.57375
316 31600.00 -28.75034
317 31700.00 -29.72282
318 31800.00 -30.46262
319 31900.00 -30.93919
320 32000.00 -31.12071
321 32100.00 -30.97533
322 32200.00 -30.47281
323 32300.00 -29.58691
324 32400.00 -28.29828
325 32500.00 -26.59750
326 32600.00 -24.48795
327 32700.00 -21.98772
328 32800.00 -19.12986
329 32900.00 -15.96079
330 33000.00 -12.53691
331 33100.00 -8.92007
332 33200.00 -5.17292
333 33300.00 -1.35482
334 33400.00 2.48096
335 33500.00 6.28887
336 33600.00 10.03153
337 33700.00 13.67937
338 33800.00 17.20988
339 33900.00 20.60653
340 34000.00 23.85775
341 34100.00 26.95596
342 34200.00 29.89668
343 34300.00 32.67784
344 34400.00 35.29917
345 34500.00 37.76177
346 34600.00 40.06770
347 34700.00 42.21976
348 34800.00 44.22119
349 34900.00 46.07556
350 35000.00 47.78664
351 35100.00 49.35830
352 35200.00 50.79442
353 35300.00 52.09887
354 35400.00 53.27546
355 35500.00 54.32790
356 35600.00 55.25982
357 35700.00 56.07473
358 35800.00 56.77601
359 35900.00 57.36692
360 36000.00 57.85061
361 36100.00 58.23008
362 36200.00 58.50823
363 36300.00 58.68785
364 36400.00 58.77161
365 36500.00 58.76206
366 36600.00 58.66167
367 36700.00 58.47281
368 36800.00 58.19774
369 36900.00 57.83867
370 37000.00 57.39770
371 37100.00 56.87686
372 37200.00 56.27814
373 37300.00 55.60342
374 37400.00 54.85457
375 37500.00 54.03336
376 37600.00 53.14156
377 37700.00 52.18085
378 37800.00 51.15290
379 37900.00 50.05933
380 38000.00 48.90176
381 38100.00 47.68176
382 38200.00 46.40088
383 38300.00 45.06066
384 38400.00 43.66266
385 38500.00 42.20839
386 38600.00 40.69940
387 38700.00 39.13724
388 38800.00 37.52346
389 38900.00 35.85966
390 39000.00 34.14745
391 39100.00 32.38848
392 39200.00 30.58446
393 39300.00 28.73715
394 39400.00 26.84836
395 39500.00 24.92001
396 39600.00 22.95409
397 39700.00 20.95270
398 39800.00 18.91806
399 39900.00 16.85254
400 40000.00 14.75866
401 40100.00 12.63913
402 40200.00 10.49685
403 40300.00 8.33497
404 40400.00 6.15693
405 40500.00 3.96643
406 40600.00 1.76758
407 40700.00 -0.43516
408 40800.00 -2.63684
409 40900.00 -4.83200
410 41000.00 -7.01458
411 41100.00 -9.17783
412 41200.00 -11.31424
413 41300.00 -13.41539
414 41400.00 -15.47183
415 41500.00 -17.47297
416 41600.00 -19.40688
417 41700.00 -21.26012
418 41800.00 -23.01758
419 41900.00 -24.66225
420 42000.00 -26.17501
421 42100.00 -27.53451
422 42200.00 -28.71695
423 42300.00 -29.69615
424 42400.00 -30.44358
425 42500.00 -30.92873
426 42600.00 -31.11984
427 42700.00 -30.98500
428 42800.00 -30.49392
429 42900.00 -29.62018
430 43000.00 -28.34417
431 43100.00 -26.65612
432 43200.00 -24.55899
433 43300.00 -22.07039
434 43400.00 -19.22293
435 43500.00 -16.06266
436 43600.00 -12.64573
437 43700.00 -9.03390
438 43800.00 -5.28985
439 43900.00 -1.47311
440 44000.00 2.36285
441 44100.00 6.17222
442 44200.00 9.91736
443 44300.00 13.56850
444 44400.00 17.10290
445 44500.00 20.50388
446 44600.00 23.75972
447 44700.00 26.86274
448 44800.00 29.80836
449 44900.00 32.59444
450 45000.00 35.22069
451 45100.00 37.68816
452 45200.00 39.99889
453 45300.00 42.15565
454 45400.00 44.16167
455 45500.00 46.02052
456 45600.00 47.73597
457 45700.00 49.31187
458 45800.00 50.75211
459 45900.00 52.06056
460 46000.00 53.24104
461 46100.00 54.29726
462 46200.00 55.23284
463 46300.00 56.05131
464 46400.00 56.75605
465 46500.00 57.35031
466 46600.00 57.83726
467 46700.00 58.21990
468 46800.00 58.50114
469 46900.00 58.68376
470 47000.00 58.77043
471 47100.00 58.76373
472 47200.00 58.66610
473 47300.00 58.47993
474 47400.00 58.20749
475 47500.00 57.85098
476 47600.00 57.41250
477 47700.00 56.89410
478 47800.00 56.29775
479 47900.00 55.62535
480 48000.00 54.87876
481 48100.00 54.05976
482 48200.00 53.17010
483 48300.00 52.21149
484 48400.00 51.18559
485 48500.00 50.09403
486 48600.00 48.93841
487 48700.00 47.72031
488 48800.00 46.44128
489 48900.00 45.10288
490 49000.00 43.70663
491 49100.00 42.25408
492 49200.00 40.74675
493 49300.00 39.18621
494 49400.00 37.57400
495 49500.00 35.91172
496 49600.00 34.20097
497 49700.00 32.44342
498 49800.00 30.64077
499 49900.00 28.79476
500 50000.00 26.90722
501 50100.00 24.98006
502 50200.00 23.01527
503 50300.00 21.01494
504 50400.00 18.98130
505 50500.00 16.91669
506 50600.00 14.82365
507 50700.00 12.70486
508 50800.00 10.56323
509 50900.00 8.40192
510 51000.00 6.22431
511 51100.00 4.03415
512 51200.00 1.83549
513 51300.00 -0.36720
514 51400.00 -2.56899
515 51500.00 -4.76444
516 51600.00 -6.94751
517 51700.00 -9.11147
518 51800.00 -11.24883
519 51900.00 -13.35120
520 52000.00 -15.40917
521 52100.00 -17.41218
522 52200.00 -19.34836
523 52300.00 -21.20431
524 52400.00 -22.96497
525 52500.00 -24.61339
526 52600.00 -26.13053
527 52700.00 -27.49509
528 52800.00 -28.68338
529 52900.00 -29.66926
530 53000.00 -30.42428
531 53100.00 -30.91800
532 53200.00 -31.11865
533 53300.00 -30.99434
534 53400.00 -30.51466
535 53500.00 -29.65307
536 53600.00 -28.38967
537 53700.00 -26.71436
538 53800.00 -24.62966
539 53900.00 -22.15272
540 54000.00 -19.31570
541 54100.00 -16.16428
542 54200.00 -12.75436
543 54300.00 -9.14760
544 54400.00 -5.40672
545 54500.00 -1.59138
546 54600.00 2.24471
547 54700.00 6.05550
548 54800.00 9.80311
549 54900.00 13.45753
550 55000.00 16.99581
551 55100.00 20.40109
552 55200.00 23.66155
553 55300.00 26.76936
554 55400.00 29.71988
555 55500.00 32.51090
556 55600.00 35.14207
557 55700.00 37.61441
558 55800.00 39.92993
559 55900.00 42.09139
560 56000.00 44.10201
561 56100.00 45.96535
562 56200.00 47.68516
563 56300.00 49.26531
564 56400.00 50.70968
565 56500.00 52.02214
566 56600.00 53.20650
567 56700.00 54.26650
568 56800.00 55.20575
569 56900.00 56.02778
570 57000.00 56.73597
571 57100.00 57.33360
572 57200.00 57.82381
573 57300.00 58.20963
574 57400.00 58.49395
575 57500.00 58.67958
576 57600.00 58.76917
577 57700.00 58.76530
578 57800.00 58.67045
579 57900.00 58.48698
580 58000.00 58.21716
581 58100.00 57.86321
582 58200.00 57.42723
583 58300.00 56.91127
584 58400.00 56.31729
585 58500.00 55.64721
586 58600.00 54.90288
587 58700.00 54.08609
588 58800.00 53.19858
589 58900.00 52.24208
590 59000.00 51.21823
591 59100.00 50.12867
592 59200.00 48.97500
593 59300.00 47.75880
594 59400.00 46.48163
595 59500.00 45.14503
596 59600.00 43.75055
597 59700.00 42.29971
598 59800.00 40.79405
599 59900.00 39.23512
600 60000.00 37.62448
601 60100.00 35.96372
602 60200.00 34.25445
603 60300.00 32.49832
604 60400.00 30.69703
605 60500.00 28.85233
606 60600.00 26.96605
607 60700.00 25.04008
608 60800.00 23.07642
609 60900.00 21.07715
610 61000.00 19.04450
611 61100.00 16.98081
612 61200.00 14.88861
613 61300.00 12.77057
614 61400.00 10.62961
615 61500.00 8.46884
616 61600.00 6.29169
617 61700.00 4.10185
618 61800.00 1.90339
619 61900.00 -0.29924
620 62000.00 -2.50114
621 62100.00 -4.69687
622 62200.00 -6.88042
623 62300.00 -9.04508
624 62400.00 -11.18338
625 62500.00 -13.28696
626 62600.00 -15.34645
627 62700.00 -17.35133
628 62800.00 -19.28976
629 62900.00 -21.14840
630 63000.00 -22.91224
631 63100.00 -24.56440
632 63200.00 -26.08590
633 63300.00 -27.45551
634 63400.00 -28.64961
635 63500.00 -29.64215
636 63600.00 -30.40474
637 63700.00 -30.90698
638 63800.00 -31.11716
639 63900.00 -31.00334
640 64000.00 -30.53504
641 64100.00 -29.68557
642 64200.00 -28.43477
643 64300.00 -26.77220
644 64400.00 -24.69995
645 64500.00 -22.23471
646 64600.00 -19.40817
647 64700.00 -16.26566
648 64800.00 -12.86281
649 64900.00 -9.26118
650 65000.00 -5.52352
651 65100.00 -1.70964
652 65200.00 2.12654
653 65300.00 5.93873
654 65400.00 9.68878
655 65500.00 13.34644
656 65600.00 16.88858
657 65700.00 20.29817
658 65800.00 23.56323
659 65900.00 26.67583
660 66000.00 29.63124
661 66100.00 32.42720
662 66200.00 35.06329
663 66300.00 37.54050
664 66400.00 39.86083
665 66500.00 42.02699
666 66600.00 44.04221
667 66700.00 45.91004
668 66800.00 47.63422
669 66900.00 49.21862
670 67000.00 50.66711
671 67100.00 51.98359
672 67200.00 53.17185
673 67300.00 54.23562
674 67400.00 55.17855
675 67500.00 56.00414
676 67600.00 56.71580
677 67700.00 57.31679
678 67800.00 57.81027
679 67900.00 58.19926
680 68000.00 58.48667
681 68100.00 58.67530
682 68200.00 58.76781
683 68300.00 58.76680
684 68400.00 58.67471
685 68500.00 58.49394
686 68600.00 58.22676
687 68700.00 57.87537
688 68800.00 57.44189
689 68900.00 56.92836
690 69000.00 56.33676
691 69100.00 55.66900
692 69200.00 54.92693
693 69300.00 54.11235
694 69400.00 53.22700
695 69500.00 52.27260
696 69600.00 51.25080
697 69700.00 50.16324
698 69800.00 49.01153
699 69900.00 47.79723
