300 30000.00 -101.44115
301 30100.00 -99.86086
302 30200.00 -98.17672
303 30300.00 -96.39223
304 30400.00 -94.51116
305 30500.00 -92.53755
306 30600.00 -90.47570
307 30700.00 -88.33014
308 30800.00 -86.10565
309 30900.00 -83.80720
310 31000.00 -81.44000
311 31100.00 -79.00941
312 31200.00 -76.52099
313 31300.00 -73.98045
314 31400.00 -71.39365
315 31500.00 -68.76658
316 31600.00 -66.10531
317 31700.00 -63.41606
318 31800.00 -60.70507
319 31900.00 -57.97867
320 32000.00 -55.24324
321 32100.00 -52.50516
322 32200.00 -49.77084
323 32300.00 -47.04666
324 32400.00 -44.33898
325 32500.00 -41.65413
326 32600.00 -38.99835
327 32700.00 -36.37782
328 32800.00 -33.79861
329 32900.00 -31.26669
330 33000.00 -28.78789
331 33100.00 -26.36789
332 33200.00 -24.01222
333 33300.00 -21.72622
334 33400.00 -19.51506
335 33500.00 -17.38367
336 33600.00 -15.33679
337 33700.00 -13.37892
338 33800.00 -11.51430
339 33900.00 -9.74693
340 34000.00 -8.08055
341 34100.00 -6.51859
342 34200.00 -5.06421
343 34300.00 -3.72029
344 34400.00 -2.48939
345 34500.00 -1.37375
346 34600.00 -0.37531
347 34700.00 0.50433
348 34800.00 1.26388
349 34900.00 1.90238
350 35000.00 2.41923
351 35100.00 2.81413
352 35200.00 3.08714
353 35300.00 3.23865
354 35400.00 3.26937
355 35500.00 3.18037
356 35600.00 2.97302
357 35700.00 2.64905
358 35800.00 2.21047
359 35900.00 1.65964
360 36000.00 0.99921
361 36100.00 0.23214
362 36200.00 -0.63832
363 36300.00 -1.60862
364 36400.00 -2.67497
365 36500.00 -3.83329
366 36600.00 -5.07924
367 36700.00 -6.40826
368 36800.00 -7.81554
369 36900.00 -9.29608
370 37000.00 -10.84466
371 37100.00 -12.45587
372 37200.00 -14.12414
373 37300.00 -15.84373
374 37400.00 -17.60878
375 37500.00 -19.41328
376 37600.00 -21.25112
377 37700.00 -23.11610
378 37800.00 -25.00195
379 37900.00 -26.90234
380 38000.00 -28.81090
381 38100.00 -30.72123
382 38200.00 -32.62692
383 38300.00 -34.52161
384 38400.00 -36.39892
385 38500.00 -38.25255
386 38600.00 -40.07625
387 38700.00 -41.86388
388 38800.00 -43.60935
389 38900.00 -45.30674
390 39000.00 -46.95022
391 39100.00 -48.53413
392 39200.00 -50.05297
393 39300.00 -51.50142
394 39400.00 -52.87435
395 39500.00 -54.16684
396 39600.00 -55.37419
397 39700.00 -56.49195
398 39800.00 -57.51588
399 39900.00 -58.44204
400 40000.00 -59.26673
401 40100.00 -59.98655
402 40200.00 -60.59837
403 40300.00 -61.09936
404 40400.00 -61.48702
405 40500.00 -61.75913
406 40600.00 -61.91380
407 40700.00 -61.94947
408 40800.00 -61.86490
409 40900.00 -61.65919
410 41000.00 -61.33176
411 41100.00 -60.88237
412 41200.00 -60.31112
413 41300.00 -59.61845
414 41400.00 -58.80512
415 41500.00 -57.87223
416 41600.00 -56.82122
417 41700.00 -55.65383
418 41800.00 -54.37215
419 41900.00 -52.97855
420 42000.00 -51.47575
421 42100.00 -49.86673
422 42200.00 -48.15479
423 42300.00 -46.34350
424 42400.00 -44.43672
425 42500.00 -42.43855
426 42600.00 -40.35335
427 42700.00 -38.18573
428 42800.00 -35.94051
429 42900.00 -33.62274
430 43000.00 -31.23766
431 43100.00 -28.79070
432 43200.00 -26.28746
433 43300.00 -23.73368
434 43400.00 -21.13527
435 43500.00 -18.49824
436 43600.00 -15.82870
437 43700.00 -13.13288
438 43800.00 -10.41705
439 43900.00 -7.68755
440 44000.00 -4.95076
441 44100.00 -2.21307
442 44200.00 0.51912
443 44300.00 3.23941
444 44400.00 5.94147
445 44500.00 8.61900
446 44600.00 11.26575
447 44700.00 13.87558
448 44800.00 16.44244
449 44900.00 18.96041
450 45000.00 21.42370
451 45100.00 23.82665
452 45200.00 26.16379
453 45300.00 28.42983
454 45400.00 30.61967
455 45500.00 32.72841
456 45600.00 34.75138
457 45700.00 36.68417
458 45800.00 38.52258
459 45900.00 40.26270
460 46000.00 41.90086
461 46100.00 43.43371
462 46200.00 44.85815
463 46300.00 46.17141
464 46400.00 47.37101
465 46500.00 48.45478
466 46600.00 49.42089
467 46700.00 50.26780
468 46800.00 50.99433
469 46900.00 51.59962
470 47000.00 52.08314
471 47100.00 52.44469
472 47200.00 52.68443
473 47300.00 52.80282
474 47400.00 52.80069
475 47500.00 52.67918
476 47600.00 52.43976
477 47700.00 52.08424
478 47800.00 51.61472
479 47900.00 51.03365
480 48000.00 50.34375
481 48100.00 49.54808
482 48200.00 48.64996
483 48300.00 47.65300
484 48400.00 46.56109
485 48500.00 45.37837
486 48600.00 44.10924
487 48700.00 42.75834
488 48800.00 41.33052
489 48900.00 39.83085
490 49000.00 38.26460
491 49100.00 36.63723
492 49200.00 34.95435
493 49300.00 33.22174
494 49400.00 31.44531
495 49500.00 29.63108
496 49600.00 27.78520
497 49700.00 25.91389
498 49800.00 24.02343
499 49900.00 22.12017
500 50000.00 20.21049
501 50100.00 18.30080
502 50200.00 16.39748
503 50300.00 14.50692
504 50400.00 12.63546
505 50500.00 10.78939
506 50600.00 8.97494
507 50700.00 7.19825
508 50800.00 5.46533
509 50900.00 3.78212
510 51000.00 2.15437
511 51100.00 0.58771
512 51200.00 -0.91240
513 51300.00 -2.34070
514 51400.00 -3.69212
515 51500.00 -4.96179
516 51600.00 -6.14508
517 51700.00 -7.23759
518 51800.00 -8.23517
519 51900.00 -9.13394
520 52000.00 -9.93028
521 52100.00 -10.62087
522 52200.00 -11.20265
523 52300.00 -11.67290
524 52400.00 -12.02916
525 52500.00 -12.26934
526 52600.00 -12.39161
527 52700.00 -12.39452
528 52800.00 -12.27690
529 52900.00 -12.03795
530 53000.00 -11.67718
531 53100.00 -11.19445
532 53200.00 -10.58994
533 53300.00 -9.86419
534 53400.00 -9.01805
535 53500.00 -8.05271
536 53600.00 -6.96968
537 53700.00 -5.77083
538 53800.00 -4.45829
539 53900.00 -3.03456
540 54000.00 -1.50240
541 54100.00 0.13510
542 54200.00 1.87457
543 54300.00 3.71236
544 54400.00 5.64455
545 54500.00 7.66696
546 54600.00 9.77517
547 54700.00 11.96449
548 54800.00 14.23006
549 54900.00 16.56676
550 55000.00 18.96930
551 55100.00 21.43222
552 55200.00 23.94985
553 55300.00 26.51642
554 55400.00 29.12600
555 55500.00 31.77253
556 55600.00 34.44987
557 55700.00 37.15179
558 55800.00 39.87200
559 55900.00 42.60412
560 56000.00 45.34180
561 56100.00 48.07861
562 56200.00 50.80818
563 56300.00 53.52412
564 56400.00 56.22009
565 56500.00 58.88982
566 56600.00 61.52708
567 56700.00 64.12576
568 56800.00 66.67984
569 56900.00 69.18343
570 57000.00 71.63077
571 57100.00 74.01626
572 57200.00 76.33448
573 57300.00 78.58018
574 57400.00 80.74832
575 57500.00 82.83407
576 57600.00 84.83281
577 57700.00 86.74020
578 57800.00 88.55212
579 57900.00 90.26471
580 58000.00 91.87440
581 58100.00 93.37790
582 58200.00 94.77220
583 58300.00 96.05462
584 58400.00 97.22275
585 58500.00 98.27452
586 58600.00 99.20817
587 58700.00 100.02227
588 58800.00 100.71572
589 58900.00 101.28776
590 59000.00 101.73793
591 59100.00 102.06615
592 59200.00 102.27264
593 59300.00 102.35799
594 59400.00 102.32309
595 59500.00 102.16918
596 59600.00 101.89782
597 59700.00 101.51090
598 59800.00 101.01063
599 59900.00 100.39952
600 60000.00 99.68039
601 60100.00 98.85636
602 60200.00 97.93084
603 60300.00 96.90752
604 60400.00 95.79036
605 60500.00 94.58357
606 60600.00 93.29161
607 60700.00 91.91919
608 60800.00 90.47121
609 60900.00 88.95280
610 61000.00 87.36929
611 61100.00 85.72618
612 61200.00 84.02913
613 61300.00 82.28394
614 61400.00 80.49657
615 61500.00 78.67308
616 61600.00 76.81962
617 61700.00 74.94244
618 61800.00 73.04785
619 61900.00 71.14220
620 62000.00 69.23189
621 62100.00 67.32330
622 62200.00 65.42283
623 62300.00 63.53687
624 62400.00 61.67173
625 62500.00 59.83369
626 62600.00 58.02896
627 62700.00 56.26364
628 62800.00 54.54374
629 62900.00 52.87512
630 63000.00 51.26352
631 63100.00 49.71453
632 63200.00 48.23353
633 63300.00 46.82576
634 63400.00 45.49622
635 63500.00 44.24972
636 63600.00 43.09082
637 63700.00 42.02387
638 63800.00 41.05293
639 63900.00 40.18182
640 64000.00 39.41407
641 64100.00 38.75295
642 64200.00 38.20140
643 64300.00 37.76209
644 64400.00 37.43737
645 64500.00 37.22927
646 64600.00 37.13950
647 64700.00 37.16945
648 64800.00 37.32017
649 64900.00 37.59240
650 65000.00 37.98652
651 65100.00 38.50258
652 65200.00 39.14030
653 65300.00 39.89907
654 65400.00 40.77794
655 65500.00 41.77562
656 65600.00 42.89051
657 65700.00 44.12068
658 65800.00 45.46388
659 65900.00 46.91755
660 66000.00 48.47883
661 66100.00 50.14455
662 66200.00 51.91128
663 66300.00 53.77528
664 66400.00 55.73257
665 66500.00 57.77889
666 66600.00 59.90974
667 66700.00 62.12041
668 66800.00 64.40594
669 66900.00 66.76118
670 67000.00 69.18078
671 67100.00 71.65922
672 67200.00 74.19082
673 67300.00 76.76974
674 67400.00 79.39003
675 67500.00 82.04560
676 67600.00 84.73029
677 67700.00 87.43784
678 67800.00 90.16193
679 67900.00 92.89621
680 68000.00 95.63428
681 68100.00 98.36975
682 68200.00 101.09623
683 68300.00 103.80734
684 68400.00 106.49675
685 68500.00 109.15822
686 68600.00 111.78553
687 68700.00 114.37261
688 68800.00 116.91346
689 68900.00 119.40224
690 69000.00 121.83322
691 69100.00 124.20085
692 69200.00 126.49975
693 69300.00 128.72474
694 69400.00 130.87082
695 69500.00 132.93322
696 69600.00 134.90741
697 69700.00 136.78909
698 69800.00 138.57422
699 69900.00 140.25902
