300 30000.00 480.03246
301 30100.00 475.68903
302 30200.00 471.36621
303 30300.00 467.06398
304 30400.00 462.78234
305 30500.00 458.52131
306 30600.00 454.28088
307 30700.00 450.06105
308 30800.00 445.86182
309 30900.00 441.68318
310 31000.00 437.52515
311 31100.00 433.38772
312 31200.00 429.27088
313 31300.00 425.17465
314 31400.00 421.09901
315 31500.00 417.04398
316 31600.00 413.00954
317 31700.00 408.99570
318 31800.00 405.00247
319 31900.00 401.02983
320 32000.00 397.07779
321 32100.00 393.14635
322 32200.00 389.23551
323 32300.00 385.34527
324 32400.00 381.47563
325 32500.00 377.62659
326 32600.00 373.79815
327 32700.00 369.99031
328 32800.00 366.20307
329 32900.00 362.43643
330 33000.00 358.69038
331 33100.00 354.96494
332 33200.00 351.26010
333 33300.00 347.57585
334 33400.00 343.91221
335 33500.00 340.26916
336 33600.00 336.64671
337 33700.00 333.04487
338 33800.00 329.46362
339 33900.00 325.90297
340 34000.00 322.36293
341 34100.00 318.84348
342 34200.00 315.34463
343 34300.00 311.86638
344 34400.00 308.40873
345 34500.00 304.97168
346 34600.00 301.55523
347 34700.00 298.15938
348 34800.00 294.78413
349 34900.00 291.42948
350 35000.00 288.09542
351 35100.00 284.78197
352 35200.00 281.48912
353 35300.00 278.21686
354 35400.00 274.96521
355 35500.00 271.73416
356 35600.00 268.52370
357 35700.00 265.33384
358 35800.00 262.16459
359 35900.00 259.01593
360 36000.00 255.88787
361 36100.00 252.78042
362 36200.00 249.69356
363 36300.00 246.62730
364 36400.00 243.58164
365 36500.00 240.55658
366 36600.00 237.55212
367 36700.00 234.56826
368 36800.00 231.60500
369 36900.00 228.66234
370 37000.00 225.74028
371 37100.00 222.83881
372 37200.00 219.95795
373 37300.00 217.09769
374 37400.00 214.25802
375 37500.00 211.43896
376 37600.00 208.64050
377 37700.00 205.86263
378 37800.00 203.10536
379 37900.00 200.36870
380 38000.00 197.65263
381 38100.00 194.95716
382 38200.00 192.28230
383 38300.00 189.62803
384 38400.00 186.99436
385 38500.00 184.38129
386 38600.00 181.78882
387 38700.00 179.21695
388 38800.00 176.66568
389 38900.00 174.13501
390 39000.00 171.62494
391 39100.00 169.13547
392 39200.00 166.66660
393 39300.00 164.21832
394 39400.00 161.79065
395 39500.00 159.38358
396 39600.00 156.99710
397 39700.00 154.63123
398 39800.00 152.28595
399 39900.00 149.96128
400 40000.00 147.65720
401 40100.00 145.37372
402 40200.00 143.11085
403 40300.00 140.86857
404 40400.00 138.64689
405 40500.00 136.44581
406 40600.00 134.26533
407 40700.00 132.10545
408 40800.00 129.96617
409 40900.00 127.84749
410 41000.00 125.74941
411 41100.00 123.67193
412 41200.00 121.61505
413 41300.00 119.57877
414 41400.00 117.56308
415 41500.00 115.56800
416 41600.00 113.59352
417 41700.00 111.63963
418 41800.00 109.70635
419 41900.00 107.79366
420 42000.00 105.90158
421 42100.00 104.03009
422 42200.00 102.17921
423 42300.00 100.34892
424 42400.00 98.53923
425 42500.00 96.75014
426 42600.00 94.98166
427 42700.00 93.23377
428 42800.00 91.50648
429 42900.00 89.79979
430 43000.00 88.11370
431 43100.00 86.44821
432 43200.00 84.80331
433 43300.00 83.17902
434 43400.00 81.57533
435 43500.00 79.99224
436 43600.00 78.42974
437 43700.00 76.88785
438 43800.00 75.36656
439 43900.00 73.86586
440 44000.00 72.38577
441 44100.00 70.92627
442 44200.00 69.48738
443 44300.00 68.06908
444 44400.00 66.67138
445 44500.00 65.29429
446 44600.00 63.93779
447 44700.00 62.60189
448 44800.00 61.28659
449 44900.00 59.99189
450 45000.00 58.71779
451 45100.00 57.46429
452 45200.00 56.23139
453 45300.00 55.01909
454 45400.00 53.82739
455 45500.00 52.65628
456 45600.00 51.50578
457 45700.00 50.37588
458 45800.00 49.26658
459 45900.00 48.17787
460 46000.00 47.10977
461 46100.00 46.06226
462 46200.00 45.03536
463 46300.00 44.02905
464 46400.00 43.04334
465 46500.00 42.07824
466 46600.00 41.13373
467 46700.00 40.20982
468 46800.00 39.30651
469 46900.00 38.42380
470 47000.00 37.56170
471 47100.00 36.72019
472 47200.00 35.89928
473 47300.00 35.09896
474 47400.00 34.31925
475 47500.00 33.56014
476 47600.00 32.82163
477 47700.00 32.10372
478 47800.00 31.40640
479 47900.00 30.72969
480 48000.00 30.07358
481 48100.00 29.43806
482 48200.00 28.82315
483 48300.00 28.22883
484 48400.00 27.65512
485 48500.00 27.10200
486 48600.00 26.56948
487 48700.00 26.05757
488 48800.00 25.56625
489 48900.00 25.09553
490 49000.00 24.64541
491 49100.00 24.21589
492 49200.00 23.80697
493 49300.00 23.41865
494 49400.00 23.05093
495 49500.00 22.70381
496 49600.00 22.37729
497 49700.00 22.07137
498 49800.00 21.78604
499 49900.00 21.52132
500 50000.00 21.27720
501 50100.00 21.05367
502 50200.00 20.85075
503 50300.00 20.66842
504 50400.00 20.50670
505 50500.00 20.36557
506 50600.00 20.24505
507 50700.00 20.14512
508 50800.00 20.06579
509 50900.00 20.00706
510 51000.00 19.96894
511 51100.00 19.95141
512 51200.00 19.95448
513 51300.00 19.97815
514 51400.00 20.02242
515 51500.00 20.08729
516 51600.00 20.17276
517 51700.00 20.27883
518 51800.00 20.40549
519 51900.00 20.55276
520 52000.00 20.72063
521 52100.00 20.90909
522 52200.00 21.11816
523 52300.00 21.34783
524 52400.00 21.59809
525 52500.00 21.86896
526 52600.00 22.16042
527 52700.00 22.47248
528 52800.00 22.80515
529 52900.00 23.15841
530 53000.00 23.53227
531 53100.00 23.92673
532 53200.00 24.34180
533 53300.00 24.77746
534 53400.00 25.23372
535 53500.00 25.71058
536 53600.00 26.20804
537 53700.00 26.72609
538 53800.00 27.26475
539 53900.00 27.82401
540 54000.00 28.40387
541 54100.00 29.00433
542 54200.00 29.62538
543 54300.00 30.26704
544 54400.00 30.92929
545 54500.00 31.61215
546 54600.00 32.31560
547 54700.00 33.03966
548 54800.00 33.78431
549 54900.00 34.54957
550 55000.00 35.33542
551 55100.00 36.14187
552 55200.00 36.96892
553 55300.00 37.81657
554 55400.00 38.68482
555 55500.00 39.57368
556 55600.00 40.48313
557 55700.00 41.41317
558 55800.00 42.36382
559 55900.00 43.33507
560 56000.00 44.32692
561 56100.00 45.33937
562 56200.00 46.37242
563 56300.00 47.42606
564 56400.00 48.50031
565 56500.00 49.59515
566 56600.00 50.71060
567 56700.00 51.84664
568 56800.00 53.00329
569 56900.00 54.18053
570 57000.00 55.37838
571 57100.00 56.59682
572 57200.00 57.83586
573 57300.00 59.09550
574 57400.00 60.37574
575 57500.00 61.67658
576 57600.00 62.99803
577 57700.00 64.34007
578 57800.00 65.70270
579 57900.00 67.08594
580 58000.00 68.48978
581 58100.00 69.91422
582 58200.00 71.35926
583 58300.00 72.82490
584 58400.00 74.31113
585 58500.00 75.81797
586 58600.00 77.34540
587 58700.00 78.89344
588 58800.00 80.46207
589 58900.00 82.05131
590 59000.00 83.66114
591 59100.00 85.29158
592 59200.00 86.94261
593 59300.00 88.61424
594 59400.00 90.30647
595 59500.00 92.01930
596 59600.00 93.75274
597 59700.00 95.50677
598 59800.00 97.28140
599 59900.00 99.07663
600 60000.00 100.89245
601 60100.00 102.72888
602 60200.00 104.58591
603 60300.00 106.46354
604 60400.00 108.36177
605 60500.00 110.28059
606 60600.00 112.22002
607 60700.00 114.18005
608 60800.00 116.16067
609 60900.00 118.16190
610 61000.00 120.18372
611 61100.00 122.22614
612 61200.00 124.28917
613 61300.00 126.37279
614 61400.00 128.47701
615 61500.00 130.60183
616 61600.00 132.74726
617 61700.00 134.91328
618 61800.00 137.09990
619 61900.00 139.30712
620 62000.00 141.53494
621 62100.00 143.78336
622 62200.00 146.05238
623 62300.00 148.34199
624 62400.00 150.65221
625 62500.00 152.98303
626 62600.00 155.33445
627 62700.00 157.70646
628 62800.00 160.09908
629 62900.00 162.51229
630 63000.00 164.94611
631 63100.00 167.40052
632 63200.00 169.87554
633 63300.00 172.37115
634 63400.00 174.88736
635 63500.00 177.42418
636 63600.00 179.98159
637 63700.00 182.55960
638 63800.00 185.15821
639 63900.00 187.77742
640 64000.00 190.41723
641 64100.00 193.07764
642 64200.00 195.75865
643 64300.00 198.46026
644 64400.00 201.18247
645 64500.00 203.92527
646 64600.00 206.68868
647 64700.00 209.47269
648 64800.00 212.27730
649 64900.00 215.10250
650 65000.00 217.94831
651 65100.00 220.81471
652 65200.00 223.70172
653 65300.00 226.60932
654 65400.00 229.53752
655 65500.00 232.48633
656 65600.00 235.45573
657 65700.00 238.44573
658 65800.00 241.45633
659 65900.00 244.48753
660 66000.00 247.53933
661 66100.00 250.61174
662 66200.00 253.70473
663 66300.00 256.81833
664 66400.00 259.95253
665 66500.00 263.10733
666 66600.00 266.28273
667 66700.00 269.47873
668 66800.00 272.69532
669 66900.00 275.93252
670 67000.00 279.19032
671 67100.00 282.46871
672 67200.00 285.76771
673 67300.00 289.08730
674 67400.00 292.42749
675 67500.00 295.78829
676 67600.00 299.16968
677 67700.00 302.57167
678 67800.00 305.99427
679 67900.00 309.43746
680 68000.00 312.90125
681 68100.00 316.38564
682 68200.00 319.89063
683 68300.00 323.41622
684 68400.00 326.96241
685 68500.00 330.52920
686 68600.00 334.11659
687 68700.00 337.72457
688 68800.00 341.35316
689 68900.00 345.00235
690 69000.00 348.67214
691 69100.00 352.36252
692 69200.00 356.07351
693 69300.00 359.80509
694 69400.00 363.55728
695 69500.00 367.33006
696 69600.00 371.12344
697 69700.00 374.93743
698 69800.00 378.77201
699 69900.00 382.62719
