300 30000.00 177.14690
301 30100.00 173.08413
302 30200.00 169.10616
303 30300.00 165.22639
304 30400.00 161.45864
305 30500.00 157.81695
306 30600.00 154.31539
307 30700.00 150.96784
308 30800.00 147.78766
309 30900.00 144.78740
310 31000.00 141.97852
311 31100.00 139.37098
312 31200.00 136.97302
313 31300.00 134.79083
314 31400.00 132.82832
315 31500.00 131.08704
316 31600.00 129.56602
317 31700.00 128.26188
318 31800.00 127.16888
319 31900.00 126.27914
320 32000.00 125.58286
321 32100.00 125.06868
322 32200.00 124.72394
323 32300.00 124.53503
324 32400.00 124.48777
325 32500.00 124.56763
326 32600.00 124.76008
327 32700.00 125.05074
328 32800.00 125.42564
329 32900.00 125.87132
330 33000.00 126.37497
331 33100.00 126.92450
332 33200.00 127.50856
333 33300.00 128.11659
334 33400.00 128.73881
335 33500.00 129.36623
336 33600.00 129.99057
337 33700.00 130.60428
338 33800.00 131.20049
339 33900.00 131.77293
340 34000.00 132.31595
341 34100.00 132.82442
342 34200.00 133.29371
343 34300.00 133.71966
344 34400.00 134.09851
345 34500.00 134.42691
346 34600.00 134.70184
347 34700.00 134.92058
348 34800.00 135.08072
349 34900.00 135.18010
350 35000.00 135.21680
351 35100.00 135.18910
352 35200.00 135.09548
353 35300.00 134.93459
354 35400.00 134.70524
355 35500.00 134.40638
356 35600.00 134.03709
357 35700.00 133.59656
358 35800.00 133.08410
359 35900.00 132.49910
360 36000.00 131.84105
361 36100.00 131.10953
362 36200.00 130.30417
363 36300.00 129.42468
364 36400.00 128.47086
365 36500.00 127.44252
366 36600.00 126.33959
367 36700.00 125.16200
368 36800.00 123.90976
369 36900.00 122.58294
370 37000.00 121.18165
371 37100.00 119.70604
372 37200.00 118.15635
373 37300.00 116.53283
374 37400.00 114.83582
375 37500.00 113.06569
376 37600.00 111.22291
377 37700.00 109.30797
378 37800.00 107.32146
379 37900.00 105.26404
380 38000.00 103.13644
381 38100.00 100.93950
382 38200.00 98.67413
383 38300.00 96.34137
384 38400.00 93.94235
385 38500.00 91.47836
386 38600.00 88.95081
387 38700.00 86.36125
388 38800.00 83.71143
389 38900.00 81.00326
390 39000.00 78.23889
391 39100.00 75.42065
392 39200.00 72.55116
393 39300.00 69.63329
394 39400.00 66.67024
395 39500.00 63.66551
396 39600.00 60.62298
397 39700.00 57.54694
398 39800.00 54.44209
399 39900.00 51.31361
400 40000.00 48.16721
401 40100.00 45.00913
402 40200.00 41.84620
403 40300.00 38.68591
404 40400.00 35.53637
405 40500.00 32.40642
406 40600.00 29.30561
407 40700.00 26.24422
408 40800.00 23.23327
409 40900.00 20.28448
410 41000.00 17.41025
411 41100.00 14.62359
412 41200.00 11.93800
413 41300.00 9.36735
414 41400.00 6.92573
415 41500.00 4.62718
416 41600.00 2.48549
417 41700.00 0.51387
418 41800.00 -1.27531
419 41900.00 -2.87090
420 42000.00 -4.26326
421 42100.00 -5.44457
422 42200.00 -6.40909
423 42300.00 -7.15341
424 42400.00 -7.67650
425 42500.00 -7.97983
426 42600.00 -8.06729
427 42700.00 -7.94510
428 42800.00 -7.62156
429 42900.00 -7.10681
430 43000.00 -6.41253
431 43100.00 -5.55160
432 43200.00 -4.53777
433 43300.00 -3.38532
434 43400.00 -2.10880
435 43500.00 -0.72274
436 43600.00 0.75857
437 43700.00 2.32125
438 43800.00 3.95197
439 43900.00 5.63807
440 44000.00 7.36759
441 44100.00 9.12937
442 44200.00 10.91300
443 44300.00 12.70887
444 44400.00 14.50814
445 44500.00 16.30270
446 44600.00 18.08513
447 44700.00 19.84869
448 44800.00 21.58726
449 44900.00 23.29528
450 45000.00 24.96773
451 45100.00 26.60011
452 45200.00 28.18832
453 45300.00 29.72870
454 45400.00 31.21796
455 45500.00 32.65316
456 45600.00 34.03164
457 45700.00 35.35105
458 45800.00 36.60928
459 45900.00 37.80445
460 46000.00 38.93488
461 46100.00 39.99910
462 46200.00 40.99579
463 46300.00 41.92378
464 46400.00 42.78207
465 46500.00 43.56974
466 46600.00 44.28602
467 46700.00 44.93023
468 46800.00 45.50179
469 46900.00 46.00021
470 47000.00 46.42507
471 47100.00 46.77602
472 47200.00 47.05280
473 47300.00 47.25520
474 47400.00 47.38307
475 47500.00 47.43632
476 47600.00 47.41491
477 47700.00 47.31887
478 47800.00 47.14826
479 47900.00 46.90321
480 48000.00 46.58388
481 48100.00 46.19052
482 48200.00 45.72340
483 48300.00 45.18286
484 48400.00 44.56930
485 48500.00 43.88318
486 48600.00 43.12502
487 48700.00 42.29542
488 48800.00 41.39506
489 48900.00 40.42469
490 49000.00 39.38516
491 49100.00 38.27740
492 49200.00 37.10249
493 49300.00 35.86158
494 49400.00 34.55598
495 49500.00 33.18712
496 49600.00 31.75662
497 49700.00 30.26624
498 49800.00 28.71794
499 49900.00 27.11390
500 50000.00 25.45653
501 50100.00 23.74849
502 50200.00 21.99271
503 50300.00 20.19245
504 50400.00 18.35130
505 50500.00 16.47322
506 50600.00 14.56257
507 50700.00 12.62416
508 50800.00 10.66327
509 50900.00 8.68573
510 51000.00 6.69788
511 51100.00 4.70671
512 51200.00 2.71981
513 51300.00 0.74547
514 51400.00 -1.20735
515 51500.00 -3.12892
516 51600.00 -5.00883
517 51700.00 -6.83590
518 51800.00 -8.59826
519 51900.00 -10.28338
520 52000.00 -11.87814
521 52100.00 -13.36894
522 52200.00 -14.74185
523 52300.00 -15.98279
524 52400.00 -17.07773
525 52500.00 -18.01298
526 52600.00 -18.77549
527 52700.00 -19.35311
528 52800.00 -19.73497
529 52900.00 -19.91181
530 53000.00 -19.87621
531 53100.00 -19.62292
532 53200.00 -19.14900
533 53300.00 -18.45395
534 53400.00 -17.53976
535 53500.00 -16.41083
536 53600.00 -15.07382
537 53700.00 -13.53744
538 53800.00 -11.81218
539 53900.00 -9.91001
540 54000.00 -7.84401
541 54100.00 -5.62807
542 54200.00 -3.27655
543 54300.00 -0.80402
544 54400.00 1.77504
545 54500.00 4.44639
546 54600.00 7.19626
547 54700.00 10.01146
548 54800.00 12.87947
549 54900.00 15.78850
550 55000.00 18.72753
551 55100.00 21.68634
552 55200.00 24.65548
553 55300.00 27.62625
554 55400.00 30.59070
555 55500.00 33.54155
556 55600.00 36.47219
557 55700.00 39.37663
558 55800.00 42.24944
559 55900.00 45.08569
560 56000.00 47.88096
561 56100.00 50.63127
562 56200.00 53.33304
563 56300.00 55.98304
564 56400.00 58.57839
565 56500.00 61.11651
566 56600.00 63.59509
567 56700.00 66.01209
568 56800.00 68.36565
569 56900.00 70.65416
570 57000.00 72.87616
571 57100.00 75.03037
572 57200.00 77.11566
573 57300.00 79.13105
574 57400.00 81.07565
575 57500.00 82.94871
576 57600.00 84.74957
577 57700.00 86.47767
578 57800.00 88.13253
579 57900.00 89.71376
580 58000.00 91.22102
581 58100.00 92.65405
582 58200.00 94.01267
583 58300.00 95.29674
584 58400.00 96.50617
585 58500.00 97.64095
586 58600.00 98.70110
587 58700.00 99.68670
588 58800.00 100.59790
589 58900.00 101.43487
590 59000.00 102.19785
591 59100.00 102.88715
592 59200.00 103.50310
593 59300.00 104.04612
594 59400.00 104.51668
595 59500.00 104.91533
596 59600.00 105.24267
597 59700.00 105.49940
598 59800.00 105.68630
599 59900.00 105.80421
600 60000.00 105.85413
601 60100.00 105.83711
602 60200.00 105.75436
603 60300.00 105.60721
604 60400.00 105.39713
605 60500.00 105.12575
606 60600.00 104.79489
607 60700.00 104.40656
608 60800.00 103.96297
609 60900.00 103.46658
610 61000.00 102.92012
611 61100.00 102.32657
612 61200.00 101.68927
613 61300.00 101.01187
614 61400.00 100.29842
615 61500.00 99.55338
616 61600.00 98.78164
617 61700.00 97.98860
618 61800.00 97.18019
619 61900.00 96.36289
620 62000.00 95.54380
621 62100.00 94.73067
622 62200.00 93.93191
623 62300.00 93.15666
624 62400.00 92.41478
625 62500.00 91.71684
626 62600.00 91.07418
627 62700.00 90.49880
628 62800.00 90.00336
629 62900.00 89.60111
630 63000.00 89.30571
631 63100.00 89.13115
632 63200.00 89.09152
633 63300.00 89.20079
634 63400.00 89.47255
635 63500.00 89.91969
636 63600.00 90.55412
637 63700.00 91.38638
638 63800.00 92.42539
639 63900.00 93.67813
640 64000.00 95.14937
641 64100.00 96.84155
642 64200.00 98.75464
643 64300.00 100.88615
644 64400.00 103.23119
645 64500.00 105.78264
646 64600.00 108.53140
647 64700.00 111.46663
648 64800.00 114.57612
649 64900.00 117.84658
650 65000.00 121.26400
651 65100.00 124.81395
652 65200.00 128.48186
653 65300.00 132.25327
654 65400.00 136.11406
655 65500.00 140.05054
656 65600.00 144.04967
657 65700.00 148.09908
658 65800.00 152.18713
659 65900.00 156.30297
660 66000.00 160.43654
661 66100.00 164.57856
662 66200.00 168.72048
663 66300.00 172.85449
664 66400.00 176.97348
665 66500.00 181.07094
666 66600.00 185.14102
667 66700.00 189.17839
668 66800.00 193.17824
669 66900.00 197.13624
670 67000.00 201.04850
671 67100.00 204.91150
672 67200.00 208.72210
673 67300.00 212.47750
674 67400.00 216.17516
675 67500.00 219.81283
676 67600.00 223.38850
677 67700.00 226.90039
678 67800.00 230.34690
679 67900.00 233.72663
680 68000.00 237.03832
681 68100.00 240.28087
682 68200.00 243.45332
683 68300.00 246.55481
684 68400.00 249.58462
685 68500.00 252.54211
686 68600.00 255.42673
687 68700.00 258.23802
688 68800.00 260.97559
689 68900.00 263.63915
690 69000.00 266.22843
691 69100.00 268.74326
692 69200.00 271.18352
693 69300.00 273.54914
694 69400.00 275.84010
695 69500.00 278.05645
696 69600.00 280.19828
697 69700.00 282.26573
698 69800.00 284.25900
699 69900.00 286.17835
